
============================================================
  Phase 1 | teams=[1] | 2000 episodes
============================================================
  [   1] ep=10    r=   2.7 steps= 56.0 ploss=-0.0255 vloss=   91.9 ent=2.493 w=5/5/0 (1s)
  [   2] ep=20    r=   4.0 steps= 60.5 ploss=-0.0150 vloss=   79.1 ent=2.395 w=8/12/0 (3s)
  [   3] ep=30    r=  11.6 steps= 82.8 ploss=-0.0137 vloss=   47.2 ent=2.378 w=10/19/1 (5s)
  [   4] ep=40    r=  16.3 steps=100.3 ploss=-0.0180 vloss=   49.8 ent=2.355 w=13/25/2 (7s)
  [   5] ep=50    r=  18.9 steps=106.3 ploss=-0.0146 vloss=   49.1 ent=2.314 w=19/28/3 (10s)
  [   6] ep=60    r=  18.5 steps=109.8 ploss=-0.0159 vloss=   93.3 ent=2.383 w=20/27/3 (12s)
  [   7] ep=70    r=  17.6 steps=107.2 ploss=-0.0112 vloss=   90.1 ent=2.456 w=22/25/3 (13s)
  [   8] ep=80    r=  20.6 steps=112.0 ploss=-0.0154 vloss=   49.8 ent=2.216 w=25/22/3 (17s)
  [   9] ep=90    r=  14.5 steps= 90.2 ploss=-0.0173 vloss=  101.3 ent=2.271 w=27/21/2 (18s)
  [  10] ep=100   r=   9.0 steps= 73.6 ploss=-0.0116 vloss=   88.1 ent=2.273 w=24/25/1 (19s)
  [  11] ep=110   r=   9.1 steps= 66.9 ploss=-0.0150 vloss=  108.0 ent=2.317 w=25/24/1 (20s)
  [  12] ep=120   r=   9.3 steps= 63.3 ploss=-0.0111 vloss=  130.7 ent=2.361 w=27/22/1 (20s)
  [  13] ep=130   r=   8.9 steps= 58.3 ploss=-0.0183 vloss=   46.3 ent=1.988 w=27/22/1 (23s)
  [  14] ep=140   r=   9.6 steps= 58.0 ploss=-0.0142 vloss=   86.6 ent=2.327 w=28/21/1 (24s)
  [  15] ep=150   r=   9.5 steps= 57.3 ploss=-0.0181 vloss=  105.8 ent=2.318 w=28/21/1 (25s)
  [  16] ep=160   r=   9.1 steps= 55.4 ploss=-0.0143 vloss=  116.1 ent=2.309 w=22/27/1 (25s)
  [  17] ep=170   r=  17.9 steps= 75.0 ploss=-0.0141 vloss=   51.7 ent=2.263 w=21/27/2 (28s)
  [  18] ep=180   r=  10.1 steps= 58.7 ploss=-0.0221 vloss=  102.8 ent=2.209 w=19/30/1 (29s)
  [  19] ep=190   r=  10.0 steps= 56.4 ploss=-0.0114 vloss=   82.3 ent=2.333 w=18/31/1 (30s)
  [  20] ep=200   r=  10.6 steps= 55.9 ploss=-0.0168 vloss=   87.8 ent=2.406 w=21/28/1 (31s)
  [  21] ep=210   r=  11.5 steps= 55.9 ploss=-0.0135 vloss=  110.8 ent=2.219 w=24/25/1 (31s)
  [  22] ep=220   r=   2.7 steps= 34.7 ploss=-0.0165 vloss=  133.8 ent=2.612 w=23/27/0 (32s)
  [  23] ep=230   r=   3.1 steps= 34.5 ploss=-0.0153 vloss=   86.6 ent=2.227 w=26/24/0 (33s)
  [  24] ep=240   r=   2.9 steps= 34.2 ploss=-0.0186 vloss=   71.7 ent=2.452 w=24/26/0 (34s)
  [  25] ep=250   r=   2.1 steps= 32.9 ploss=-0.0138 vloss=   85.1 ent=2.312 w=22/28/0 (34s)
  [  26] ep=260   r=   2.0 steps= 33.4 ploss=-0.0179 vloss=   41.8 ent=2.388 w=25/25/0 (35s)
  [  27] ep=270   r=  11.7 steps= 54.8 ploss=-0.0132 vloss=   35.1 ent=1.990 w=23/26/1 (38s)
  [  28] ep=280   r=  11.5 steps= 52.6 ploss=-0.0171 vloss=   64.5 ent=2.456 w=20/29/1 (39s)
  [  29] ep=290   r=  12.1 steps= 54.6 ploss=-0.0131 vloss=   46.3 ent=2.269 w=24/25/1 (39s)
  [  30] ep=300   r=  12.2 steps= 52.9 ploss=-0.0212 vloss=   53.6 ent=2.391 w=24/25/1 (40s)
  [  31] ep=310   r=  12.5 steps= 54.6 ploss=-0.0171 vloss=   44.5 ent=2.021 w=23/26/1 (41s)
  [  32] ep=320   r=   2.8 steps= 33.8 ploss=-0.0161 vloss=   93.9 ent=2.080 w=26/24/0 (41s)
  [  33] ep=330   r=   4.0 steps= 36.5 ploss=-0.0177 vloss=   63.9 ent=2.128 w=30/20/0 (43s)
  [  34] ep=340   r=   4.2 steps= 35.3 ploss=-0.0160 vloss=   59.8 ent=2.181 w=27/23/0 (43s)
  [  35] ep=350   r=   4.0 steps= 35.5 ploss=-0.0189 vloss=   99.9 ent=2.275 w=28/22/0 (44s)
  [  36] ep=360   r=  13.7 steps= 54.7 ploss=-0.0139 vloss=   21.9 ent=1.994 w=24/25/1 (46s)
  [  37] ep=370   r=  13.6 steps= 55.8 ploss=-0.0204 vloss=  116.4 ent=1.930 w=21/28/1 (47s)
  [  38] ep=380   r=  12.6 steps= 52.7 ploss=-0.0144 vloss=   87.7 ent=2.007 w=19/30/1 (48s)
  [  39] ep=390   r=  13.0 steps= 53.6 ploss=-0.0164 vloss=   67.8 ent=2.048 w=21/28/1 (49s)
  [  40] ep=400   r=  13.4 steps= 54.5 ploss=-0.0181 vloss=  104.9 ent=2.254 w=23/26/1 (49s)
  [  41] ep=410   r=  13.2 steps= 53.7 ploss=-0.0124 vloss=   31.7 ent=1.988 w=25/24/1 (52s)
  [  42] ep=420   r=  14.5 steps= 55.8 ploss=-0.0154 vloss=   64.0 ent=2.046 w=27/22/1 (53s)
  [  43] ep=430   r=  14.9 steps= 56.9 ploss=-0.0162 vloss=   45.0 ent=2.108 w=28/21/1 (54s)
  [  44] ep=440   r=  14.9 steps= 58.1 ploss=-0.0162 vloss=   67.2 ent=2.088 w=26/23/1 (55s)
  [  45] ep=450   r=  16.0 steps= 60.4 ploss=-0.0199 vloss=   24.2 ent=2.204 w=24/25/1 (55s)
  [  46] ep=460   r=  14.9 steps= 61.2 ploss=-0.0149 vloss=   30.1 ent=1.994 w=26/23/1 (58s)
  [  47] ep=470   r=  14.8 steps= 62.4 ploss=-0.0202 vloss=   47.9 ent=1.899 w=25/24/1 (59s)
  [  48] ep=480   r=  15.1 steps= 62.7 ploss=-0.0210 vloss=   62.0 ent=2.245 w=22/27/1 (60s)
  [  49] ep=490   r=  23.5 steps= 81.4 ploss=-0.0146 vloss=   10.2 ent=2.327 w=22/26/2 (63s)
  [  50] ep=500   r=  22.7 steps= 78.4 ploss=-0.0160 vloss=   49.7 ent=2.224 w=20/28/2 (63s)
  [  51] ep=510   r=  32.8 steps= 97.4 ploss=-0.0151 vloss=   24.2 ent=2.364 w=16/31/3 (68s)
  [  52] ep=520   r=  39.9 steps=113.1 ploss=-0.0161 vloss=   32.1 ent=2.183 w=18/28/4 (71s)
  [  53] ep=530   r=  38.8 steps=111.4 ploss=-0.0157 vloss=   74.2 ent=1.996 w=18/28/4 (71s)
  [  54] ep=540   r=  29.8 steps= 92.2 ploss=-0.0188 vloss=   47.4 ent=2.180 w=21/26/3 (72s)
  [  55] ep=550   r=  30.6 steps= 95.8 ploss=-0.0140 vloss=   68.2 ent=2.216 w=23/24/3 (73s)
  [  56] ep=560   r=  22.2 steps= 76.4 ploss=-0.0225 vloss=   30.1 ent=2.155 w=26/22/2 (76s)
  [  57] ep=570   r=  21.5 steps= 77.9 ploss=-0.0163 vloss=   52.8 ent=2.328 w=24/24/2 (78s)
  [  58] ep=580   r=  22.9 steps= 79.4 ploss=-0.0153 vloss=   70.2 ent=1.984 w=24/24/2 (79s)
  [  59] ep=590   r=  23.4 steps= 79.9 ploss=-0.0171 vloss=  105.4 ent=1.932 w=21/27/2 (80s)
  [  60] ep=600   r=  28.9 steps= 99.9 ploss=-0.0188 vloss=   33.4 ent=2.453 w=20/27/3 (83s)
  [  61] ep=610   r=  28.7 steps=102.2 ploss=-0.0177 vloss=   45.4 ent=2.167 w=19/28/3 (86s)
  [  62] ep=620   r=  36.3 steps=122.4 ploss=-0.0186 vloss=   19.4 ent=2.419 w=18/28/4 (91s)
  [  63] ep=630   r=  35.3 steps=124.0 ploss=-0.0150 vloss=   54.3 ent=1.807 w=21/25/4 (92s)
  [  64] ep=640   r=  42.7 steps=143.0 ploss=-0.0184 vloss=   20.4 ent=2.329 w=21/24/5 (95s)
  [  65] ep=650   r=  36.2 steps=122.1 ploss=-0.0149 vloss=   97.9 ent=2.008 w=19/27/4 (95s)
  [  66] ep=660   r=  26.6 steps=102.2 ploss=-0.0119 vloss=   63.6 ent=2.126 w=22/25/3 (96s)
  [  67] ep=670   r=  12.0 steps= 62.1 ploss=-0.0170 vloss=   76.1 ent=2.023 w=27/22/1 (97s)
  [  68] ep=680   r=  12.4 steps= 59.6 ploss=-0.0105 vloss=   67.4 ent=1.910 w=26/23/1 (98s)
  [  69] ep=690   r=   4.6 steps= 40.8 ploss=-0.0207 vloss=   60.1 ent=1.988 w=26/24/0 (99s)
  [  70] ep=700   r=  24.0 steps= 76.9 ploss=-0.0110 vloss=   26.8 ent=2.011 w=29/19/2 (102s)
  [  71] ep=710   r=  33.4 steps= 96.5 ploss=-0.0173 vloss=   29.2 ent=2.054 w=27/20/3 (105s)
  [  72] ep=720   r=  43.3 steps=119.9 ploss=-0.0184 vloss=   25.7 ent=2.175 w=24/22/4 (108s)
  [  73] ep=730   r=  43.5 steps=122.2 ploss=-0.0138 vloss=   33.7 ent=2.000 w=26/20/4 (109s)
  [  74] ep=740   r=  43.2 steps=126.5 ploss=-0.0130 vloss=   46.9 ent=1.689 w=25/21/4 (111s)
  [  75] ep=750   r=  34.3 steps=111.3 ploss=-0.0181 vloss=   17.3 ent=2.237 w=26/21/3 (114s)
  [  76] ep=760   r=  33.3 steps=110.6 ploss=-0.0230 vloss=   22.9 ent=2.207 w=26/21/3 (116s)
  [  77] ep=770   r=  23.1 steps= 88.6 ploss=-0.0133 vloss=   68.3 ent=1.904 w=25/23/2 (117s)
  [  78] ep=780   r=  22.6 steps= 88.1 ploss=-0.0157 vloss=   61.6 ent=1.835 w=24/24/2 (118s)
  [  79] ep=790   r=  23.7 steps= 86.0 ploss=-0.0159 vloss=  101.6 ent=1.760 w=24/24/2 (119s)
  [  80] ep=800   r=  13.1 steps= 63.3 ploss=-0.0149 vloss=   57.1 ent=1.725 w=21/28/1 (120s)
  [  81] ep=810   r=   4.5 steps= 44.8 ploss=-0.0113 vloss=   77.5 ent=1.534 w=19/31/0 (121s)
  [  82] ep=820   r=   5.2 steps= 44.8 ploss=-0.0185 vloss=   66.9 ent=1.800 w=19/31/0 (122s)
  [  83] ep=830   r=  15.4 steps= 67.6 ploss=-0.0112 vloss=   39.0 ent=1.892 w=16/33/1 (125s)
  [  84] ep=840   r=  14.3 steps= 68.5 ploss=-0.0162 vloss=   35.6 ent=1.515 w=19/30/1 (126s)
  [  85] ep=850   r=  14.8 steps= 68.7 ploss=-0.0088 vloss=   51.3 ent=1.674 w=24/25/1 (127s)
  [  86] ep=860   r=  30.7 steps=108.1 ploss=-0.0132 vloss=   35.1 ent=1.991 w=26/21/3 (132s)
  [  87] ep=870   r=  30.4 steps=114.3 ploss=+0.0352 vloss=   58.6 ent=1.550 w=28/19/3 (133s)
  [  88] ep=880   r=  30.0 steps=111.5 ploss=-0.0139 vloss=   37.5 ent=1.822 w=30/17/3 (135s)
  [  89] ep=890   r=  30.7 steps=110.7 ploss=-0.0176 vloss=   91.0 ent=1.615 w=25/22/3 (137s)
  [  90] ep=900   r=  31.1 steps=127.5 ploss=-0.0103 vloss=   20.9 ent=1.667 w=22/25/3 (139s)
  [  91] ep=910   r=  17.2 steps= 90.3 ploss=-0.0204 vloss=   51.7 ent=1.733 w=22/27/1 (140s)
  [  92] ep=920   r=  17.0 steps= 97.0 ploss=-0.0121 vloss=   28.3 ent=1.431 w=22/27/1 (143s)
  [  93] ep=930   r=   7.5 steps= 83.4 ploss=-0.0146 vloss=   21.3 ent=1.770 w=21/29/0 (145s)
  [  94] ep=940   r=   7.3 steps= 87.2 ploss=-0.0143 vloss=   43.4 ent=1.496 w=26/24/0 (146s)
  [  95] ep=950   r=   7.3 steps= 80.8 ploss=-0.0079 vloss=   30.1 ent=1.542 w=26/24/0 (148s)
  [  96] ep=960   r=   5.7 steps= 95.6 ploss=-0.0114 vloss=   30.9 ent=1.351 w=26/24/0 (151s)
  [  97] ep=970   r=   6.4 steps= 89.3 ploss=-0.0153 vloss=   43.5 ent=1.688 w=25/25/0 (152s)
  [  98] ep=980   r=   6.2 steps= 96.7 ploss=-0.0214 vloss=   38.6 ent=1.387 w=26/24/0 (155s)
  [  99] ep=990   r=   6.3 steps= 98.5 ploss=-0.0152 vloss=   37.5 ent=1.221 w=23/27/0 (156s)
  [ 100] ep=1000  r=   5.7 steps= 96.3 ploss=-0.0118 vloss=   29.0 ent=1.297 w=22/28/0 (158s)
  [ 101] ep=1010  r=  24.6 steps=135.0 ploss=-0.0110 vloss=   16.6 ent=1.379 w=19/29/2 (164s)
  [ 102] ep=1020  r=  24.2 steps=143.1 ploss=-0.0121 vloss=   22.2 ent=1.252 w=23/25/2 (166s)
  [ 103] ep=1030  r=  31.3 steps=146.0 ploss=-0.0101 vloss=   41.7 ent=1.443 w=23/24/3 (169s)
  [ 104] ep=1040  r=  32.3 steps=141.8 ploss=-0.0113 vloss=   29.5 ent=1.358 w=28/19/3 (170s)
  [ 105] ep=1050  r=  32.5 steps=169.4 ploss=-0.0077 vloss=   17.1 ent=1.216 w=29/17/4 (174s)
  [ 106] ep=1060  r=  14.7 steps=114.3 ploss=-0.0140 vloss=   56.4 ent=1.466 w=33/15/2 (175s)
  [ 107] ep=1070  r=  15.6 steps=105.1 ploss=-0.0153 vloss=   33.4 ent=1.428 w=31/17/2 (177s)
  [ 108] ep=1080  r=   8.7 steps= 93.1 ploss=-0.0171 vloss=   54.0 ent=1.367 w=30/19/1 (178s)
  [ 109] ep=1090  r=  14.4 steps=132.1 ploss=-0.0055 vloss=   17.4 ent=1.532 w=28/19/3 (184s)
  [ 110] ep=1100  r=  22.1 steps=121.8 ploss=-0.0160 vloss=   24.4 ent=1.773 w=25/22/3 (188s)
  [ 111] ep=1110  r=  21.0 steps=149.6 ploss=-0.0078 vloss=   15.5 ent=1.149 w=24/23/3 (192s)
  [ 112] ep=1120  r=  23.2 steps=160.8 ploss=-0.0185 vloss=   30.5 ent=1.445 w=22/25/3 (194s)
  [ 113] ep=1130  r=  23.5 steps=167.4 ploss=-0.0110 vloss=   34.4 ent=1.182 w=24/23/3 (196s)
  [ 114] ep=1140  r=  17.5 steps=178.8 ploss=-0.0076 vloss=   10.2 ent=1.120 w=23/24/3 (202s)
  [ 115] ep=1150  r=  10.0 steps=169.2 ploss=-0.0149 vloss=   34.8 ent=1.420 w=27/21/2 (204s)
  [ 116] ep=1160  r=  11.0 steps=189.7 ploss=-0.0076 vloss=   10.3 ent=1.308 w=28/18/4 (210s)
  [ 117] ep=1170  r=  10.0 steps=222.8 ploss=-0.0076 vloss=   21.7 ent=1.075 w=29/16/5 (215s)
  [ 118] ep=1180  r=  10.3 steps=257.3 ploss=-0.0058 vloss=   21.0 ent=1.254 w=27/18/5 (219s)
  [ 119] ep=1190  r=  10.6 steps=205.9 ploss=-0.0174 vloss=   69.2 ent=1.349 w=27/20/3 (220s)
  [ 120] ep=1200  r=  16.9 steps=224.2 ploss=-0.0110 vloss=   21.5 ent=1.485 w=25/21/4 (224s)
  [ 121] ep=1210  r=  25.2 steps=196.6 ploss=-0.0207 vloss=   24.7 ent=1.601 w=22/25/3 (227s)
  [ 122] ep=1220  r=  25.7 steps=159.8 ploss=-0.0112 vloss=   39.7 ent=1.351 w=23/25/2 (229s)
  [ 123] ep=1230  r=  26.4 steps=174.2 ploss=-0.0089 vloss=   14.6 ent=1.252 w=25/22/3 (234s)
  [ 124] ep=1240  r=  25.6 steps=222.1 ploss=-0.0063 vloss=    9.4 ent=0.943 w=23/22/5 (239s)
  [ 125] ep=1250  r=  19.0 steps=237.3 ploss=-0.0083 vloss=   17.1 ent=1.201 w=23/22/5 (244s)
  [ 126] ep=1260  r=  10.0 steps=237.8 ploss=-0.0100 vloss=   30.8 ent=1.406 w=26/20/4 (246s)
  [ 127] ep=1270  r=  12.7 steps=276.7 ploss=-0.0099 vloss=   19.3 ent=1.385 w=23/21/6 (252s)
  [ 128] ep=1280  r=  12.8 steps=239.5 ploss=-0.0150 vloss=   13.5 ent=1.366 w=25/20/5 (254s)
  [ 129] ep=1290  r=  12.2 steps=216.5 ploss=-0.0124 vloss=   31.3 ent=1.123 w=28/18/4 (258s)
  [ 130] ep=1300  r=  14.1 steps=184.0 ploss=-0.0099 vloss=   21.3 ent=1.487 w=30/17/3 (260s)
  [ 131] ep=1310  r=  14.8 steps=217.4 ploss=-0.0067 vloss=   11.2 ent=1.303 w=31/15/4 (265s)
  [ 132] ep=1320  r=   8.7 steps=196.3 ploss=-0.0102 vloss=   18.2 ent=1.206 w=31/17/2 (268s)
  [ 133] ep=1330  r=   8.9 steps=238.3 ploss=-0.0058 vloss=    8.9 ent=0.939 w=27/19/4 (274s)
  [ 134] ep=1340  r=  10.2 steps=254.7 ploss=-0.0080 vloss=   18.5 ent=1.152 w=25/21/4 (280s)
  [ 135] ep=1350  r=  15.8 steps=285.7 ploss=-0.0139 vloss=   12.0 ent=1.340 w=20/25/5 (285s)
  [ 136] ep=1360  r=  20.8 steps=273.3 ploss=-0.0080 vloss=   14.2 ent=1.305 w=16/28/6 (291s)
  [ 137] ep=1370  r=  35.5 steps=281.6 ploss=-0.0100 vloss=   10.1 ent=1.531 w=16/26/8 (295s)
  [ 138] ep=1380  r=  35.0 steps=249.3 ploss=-0.0098 vloss=   19.5 ent=1.331 w=18/26/6 (299s)
  [ 139] ep=1390  r=  43.0 steps=230.2 ploss=-0.0117 vloss=   13.5 ent=1.466 w=21/23/6 (302s)
  [ 140] ep=1400  r=  35.4 steps=209.9 ploss=-0.0291 vloss=   29.2 ent=1.074 w=23/22/5 (305s)
  [ 141] ep=1410  r=  30.2 steps=212.8 ploss=-0.0030 vloss=    6.2 ent=0.724 w=23/22/5 (310s)
  [ 142] ep=1420  r=  17.4 steps=223.8 ploss=-0.0088 vloss=    7.9 ent=1.137 w=26/19/5 (315s)
  [ 143] ep=1430  r=  18.4 steps=244.9 ploss=-0.0070 vloss=    6.2 ent=1.109 w=25/18/7 (319s)
  [ 144] ep=1440  r=  14.9 steps=269.3 ploss=-0.0098 vloss=   10.8 ent=1.431 w=21/21/8 (324s)
  [ 145] ep=1450  r=  16.4 steps=309.2 ploss=-0.0083 vloss=   11.3 ent=1.143 w=21/19/10 (329s)
  [ 146] ep=1460  r=  16.5 steps=318.8 ploss=-0.0078 vloss=    9.7 ent=1.124 w=19/22/9 (335s)
  [ 147] ep=1470  r=  23.0 steps=290.9 ploss=-0.0112 vloss=   21.6 ent=1.510 w=17/25/8 (338s)
  [ 148] ep=1480  r=  22.5 steps=288.7 ploss=-0.0098 vloss=    9.6 ent=1.262 w=16/27/7 (343s)
  [ 149] ep=1490  r=  18.9 steps=318.7 ploss=-0.0063 vloss=    8.8 ent=1.173 w=18/24/8 (350s)
  [ 150] ep=1500  r=  20.1 steps=296.7 ploss=-0.0074 vloss=   21.5 ent=1.334 w=18/24/8 (354s)
  [ 151] ep=1510  r=  27.4 steps=305.4 ploss=-0.0058 vloss=   12.0 ent=1.026 w=20/20/10 (360s)
  [ 152] ep=1520  r=  19.9 steps=360.9 ploss=-0.0065 vloss=    4.6 ent=1.059 w=17/21/12 (367s)
  [ 153] ep=1530  r=  18.8 steps=410.6 ploss=-0.0060 vloss=    5.1 ent=0.981 w=15/20/15 (376s)
  [ 154] ep=1540  r=  26.1 steps=384.9 ploss=-0.0100 vloss=   13.8 ent=1.261 w=14/22/14 (382s)
  [ 155] ep=1550  r=  32.9 steps=373.8 ploss=-0.0101 vloss=   18.3 ent=1.238 w=16/21/13 (386s)
  [ 156] ep=1560  r=  25.6 steps=350.0 ploss=-0.0077 vloss=   14.1 ent=1.069 w=18/21/11 (390s)
  [ 157] ep=1570  r=  26.4 steps=320.6 ploss=-0.0074 vloss=   10.7 ent=0.850 w=19/21/10 (395s)
  [ 158] ep=1580  r=  28.7 steps=243.5 ploss=-0.0107 vloss=   24.8 ent=1.230 w=22/21/7 (399s)
  [ 159] ep=1590  r=  22.6 steps=215.2 ploss=-0.0092 vloss=   19.9 ent=1.118 w=24/21/5 (402s)
  [ 160] ep=1600  r=  20.8 steps=251.2 ploss=-0.0082 vloss=    9.8 ent=0.943 w=23/20/7 (409s)
  [ 161] ep=1610  r=  21.8 steps=267.1 ploss=-0.0049 vloss=    8.9 ent=0.898 w=23/20/7 (415s)
  [ 162] ep=1620  r=  22.7 steps=252.0 ploss=-0.0078 vloss=   13.4 ent=1.107 w=22/22/6 (419s)
  [ 163] ep=1630  r=  19.3 steps=275.2 ploss=-0.0051 vloss=   10.5 ent=0.955 w=22/22/6 (424s)
  [ 164] ep=1640  r=  16.3 steps=281.1 ploss=-0.0111 vloss=   23.2 ent=1.173 w=20/23/7 (427s)
  [ 165] ep=1650  r=  16.0 steps=252.2 ploss=-0.0146 vloss=   21.2 ent=1.087 w=19/26/5 (432s)
  [ 166] ep=1660  r=  15.6 steps=265.0 ploss=-0.0061 vloss=    3.3 ent=1.181 w=17/27/6 (439s)
  [ 167] ep=1670  r=  22.2 steps=311.7 ploss=-0.0077 vloss=    4.7 ent=1.190 w=19/22/9 (448s)
  [ 168] ep=1680  r=  25.7 steps=291.7 ploss=-0.0103 vloss=   19.4 ent=1.135 w=17/25/8 (451s)
  [ 169] ep=1690  r=  34.5 steps=296.2 ploss=-0.0124 vloss=   18.3 ent=1.358 w=18/24/8 (455s)
  [ 170] ep=1700  r=  33.0 steps=299.1 ploss=-0.0100 vloss=   11.4 ent=1.252 w=20/22/8 (460s)
  [ 171] ep=1710  r=  34.3 steps=279.0 ploss=-0.0077 vloss=   12.2 ent=1.023 w=21/21/8 (465s)
  [ 172] ep=1720  r=  38.3 steps=250.3 ploss=-0.0153 vloss=   16.2 ent=1.683 w=20/24/6 (471s)
  [ 173] ep=1730  r=  37.8 steps=247.2 ploss=-0.0097 vloss=    8.8 ent=0.989 w=20/23/7 (475s)
  [ 174] ep=1740  r=  32.8 steps=239.5 ploss=-0.0126 vloss=   23.5 ent=1.132 w=20/24/6 (479s)
  [ 175] ep=1750  r=  36.4 steps=243.7 ploss=-0.0128 vloss=   13.2 ent=1.137 w=21/22/7 (484s)
  [ 176] ep=1760  r=  34.4 steps=214.8 ploss=-0.0099 vloss=   18.1 ent=1.098 w=23/22/5 (487s)
  [ 177] ep=1770  r=  32.9 steps=237.1 ploss=-0.0086 vloss=   14.5 ent=1.230 w=25/20/5 (495s)
  [ 178] ep=1780  r=  31.6 steps=266.6 ploss=-0.0080 vloss=   13.0 ent=1.184 w=26/20/4 (501s)
  [ 179] ep=1790  r=  28.3 steps=278.0 ploss=-0.0090 vloss=   17.4 ent=0.990 w=25/21/4 (505s)
  [ 180] ep=1800  r=  20.7 steps=255.1 ploss=-0.0075 vloss=   20.1 ent=1.140 w=26/22/2 (508s)
  [ 181] ep=1810  r=  21.5 steps=263.4 ploss=-0.0086 vloss=   15.0 ent=0.995 w=26/22/2 (512s)
  [ 182] ep=1820  r=  11.8 steps=219.2 ploss=-0.0093 vloss=   21.0 ent=1.152 w=25/24/1 (515s)
  [ 183] ep=1830  r=  18.8 steps=197.4 ploss=-0.0106 vloss=   23.0 ent=1.205 w=27/21/2 (519s)
  [ 184] ep=1840  r=  18.3 steps=207.1 ploss=-0.0102 vloss=    8.3 ent=0.888 w=28/18/4 (525s)
  [ 185] ep=1850  r=  18.6 steps=203.6 ploss=-0.0079 vloss=   23.9 ent=1.195 w=28/18/4 (528s)
  [ 186] ep=1860  r=  18.0 steps=208.1 ploss=-0.0115 vloss=   14.7 ent=1.111 w=27/19/4 (532s)
  [ 187] ep=1870  r=  17.0 steps=208.3 ploss=-0.0069 vloss=   12.0 ent=1.104 w=28/18/4 (535s)
  [ 188] ep=1880  r=  10.3 steps=194.5 ploss=-0.0401 vloss=   21.8 ent=0.924 w=29/18/3 (538s)
  [ 189] ep=1890  r=  12.9 steps=189.9 ploss=-0.0057 vloss=   10.3 ent=1.114 w=30/17/3 (542s)
  [ 190] ep=1900  r=  27.6 steps=244.4 ploss=-0.0049 vloss=   15.7 ent=1.004 w=27/17/6 (549s)
  [ 191] ep=1910  r=  28.2 steps=215.1 ploss=-0.0129 vloss=   39.9 ent=1.169 w=28/16/6 (551s)
  [ 192] ep=1920  r=  28.0 steps=213.6 ploss=-0.0078 vloss=   10.6 ent=0.944 w=28/17/5 (554s)
  [ 193] ep=1930  r=  26.7 steps=205.7 ploss=-0.0146 vloss=   36.1 ent=1.224 w=25/20/5 (556s)
  [ 194] ep=1940  r=  28.1 steps=170.8 ploss=+0.0227 vloss=   24.3 ent=1.220 w=25/22/3 (558s)
  [ 195] ep=1950  r=  11.7 steps=121.9 ploss=-0.0103 vloss=   12.8 ent=1.029 w=27/23/0 (561s)
  [ 196] ep=1960  r=  12.7 steps=120.6 ploss=-0.0741 vloss=   64.6 ent=1.150 w=27/23/0 (562s)
  [ 197] ep=1970  r=  14.3 steps=128.3 ploss=-0.0128 vloss=   16.5 ent=1.183 w=25/24/1 (567s)
  [ 198] ep=1980  r=  18.9 steps=149.2 ploss=-0.0139 vloss=   15.9 ent=1.116 w=27/21/2 (571s)
  [ 199] ep=1990  r=  22.4 steps=171.5 ploss=-0.0146 vloss=   30.3 ent=1.259 w=27/20/3 (575s)
  [ 200] ep=2000  r=  23.0 steps=166.6 ploss=+0.0143 vloss=   28.6 ent=1.200 w=25/22/3 (578s)
  Phase 1 done: 2000 eps, 578s, avg_r=19.7, avg_steps=154.2
  Checkpoint: models/easy/

============================================================
  Phase 2 | teams=[2] | 2000 episodes | resuming from ep 2000
============================================================
  [ 201] ep=2010  r=  38.9 steps=199.7 ploss=-0.0059 vloss=   55.7 ent=1.174 w=6/4/0 (4s)
  [ 202] ep=2020  r=  49.2 steps=265.6 ploss=-0.0106 vloss=   31.1 ent=1.226 w=11/7/2 (10s)
  [ 203] ep=2030  r=  74.2 steps=261.2 ploss=-0.0154 vloss=   60.9 ent=1.151 w=16/11/3 (15s)
  [ 204] ep=2040  r=  91.4 steps=328.5 ploss=-0.0110 vloss=   20.1 ent=1.497 w=21/12/7 (26s)
  [ 205] ep=2050  r=  93.3 steps=322.1 ploss=-0.0133 vloss=   30.4 ent=1.467 w=27/14/9 (31s)
  [ 206] ep=2060  r=  92.0 steps=318.3 ploss=-0.0158 vloss=   58.5 ent=1.190 w=25/16/9 (35s)
  [ 207] ep=2070  r=  96.7 steps=294.3 ploss=-0.0176 vloss=   53.2 ent=1.146 w=24/18/8 (39s)
  [ 208] ep=2080  r= 119.2 steps=355.2 ploss=-0.0082 vloss=   19.2 ent=1.300 w=23/15/12 (50s)
  [ 209] ep=2090  r=  96.8 steps=294.5 ploss=-0.0142 vloss=   44.8 ent=1.093 w=23/19/8 (55s)
  [ 210] ep=2100  r=  92.7 steps=300.7 ploss=-0.0089 vloss=   24.9 ent=1.141 w=21/22/7 (61s)
  [ 211] ep=2110  r=  94.6 steps=280.0 ploss=-0.0181 vloss=   56.1 ent=1.185 w=21/22/7 (62s)
  [ 212] ep=2120  r=  92.9 steps=297.7 ploss=-0.0093 vloss=   34.8 ent=1.188 w=20/23/7 (67s)
  [ 213] ep=2130  r=  52.1 steps=208.3 ploss=-0.0181 vloss=   38.5 ent=1.289 w=23/25/2 (69s)
  [ 214] ep=2140  r=  55.6 steps=187.7 ploss=-0.0217 vloss=   53.6 ent=1.283 w=21/27/2 (72s)
  [ 215] ep=2150  r=  49.7 steps=158.4 ploss=-0.0193 vloss=   44.1 ent=0.971 w=23/26/1 (76s)
  [ 216] ep=2160  r=  48.2 steps=160.7 ploss=-0.0240 vloss=   76.4 ent=1.285 w=23/26/1 (78s)
  [ 217] ep=2170  r=  56.9 steps=153.8 ploss=-0.0127 vloss=   22.8 ent=1.290 w=25/23/2 (83s)
  [ 218] ep=2180  r=  55.0 steps=173.6 ploss=-0.0149 vloss=   50.7 ent=0.994 w=25/22/3 (87s)
  [ 219] ep=2190  r=  51.3 steps=172.7 ploss=-0.0145 vloss=   62.2 ent=1.192 w=26/21/3 (89s)
  [ 220] ep=2200  r=  84.8 steps=218.3 ploss=-0.0107 vloss=   26.2 ent=1.427 w=24/20/6 (97s)
  [ 221] ep=2210  r=  96.3 steps=238.0 ploss=-0.0125 vloss=   40.5 ent=1.297 w=26/17/7 (101s)
  [ 222] ep=2220  r=  81.5 steps=210.0 ploss=-0.0154 vloss=   58.6 ent=1.224 w=23/22/5 (104s)
  [ 223] ep=2230  r=  94.6 steps=212.5 ploss=-0.0165 vloss=   41.2 ent=1.197 w=18/27/5 (109s)
  [ 224] ep=2240  r= 105.8 steps=231.9 ploss=-0.0187 vloss=   38.2 ent=1.647 w=17/27/6 (113s)
  [ 225] ep=2250  r=  68.7 steps=190.5 ploss=-0.0120 vloss=   43.5 ent=1.213 w=16/31/3 (117s)
  [ 226] ep=2260  r=  70.2 steps=195.9 ploss=-0.0154 vloss=   45.9 ent=1.271 w=13/34/3 (122s)
  [ 227] ep=2270  r=  80.2 steps=209.5 ploss=-0.0155 vloss=   50.7 ent=1.384 w=15/31/4 (125s)
  [ 228] ep=2280  r=  89.8 steps=224.7 ploss=-0.0130 vloss=   30.4 ent=1.478 w=16/29/5 (131s)
  [ 229] ep=2290  r=  85.3 steps=214.9 ploss=-0.0170 vloss=   53.7 ent=1.458 w=17/28/5 (135s)
  [ 230] ep=2300  r=  96.7 steps=210.2 ploss=-0.0156 vloss=   36.4 ent=1.401 w=18/26/6 (138s)
  [ 231] ep=2310  r=  85.3 steps=187.2 ploss=-0.0205 vloss=  120.5 ent=1.497 w=19/26/5 (140s)
  [ 232] ep=2320  r=  84.6 steps=202.1 ploss=-0.0123 vloss=   37.9 ent=1.394 w=20/25/5 (146s)
  [ 233] ep=2330  r=  66.0 steps=170.4 ploss=-0.0208 vloss=   66.9 ent=1.301 w=24/23/3 (149s)
  [ 234] ep=2340  r=  69.3 steps=195.8 ploss=-0.0107 vloss=   26.2 ent=1.378 w=23/23/4 (155s)
  [ 235] ep=2350  r=  73.1 steps=247.6 ploss=-0.0117 vloss=   25.4 ent=1.362 w=21/23/6 (162s)
  [ 236] ep=2360  r=  79.7 steps=293.8 ploss=-0.0097 vloss=   25.2 ent=1.397 w=21/22/7 (169s)
  [ 237] ep=2370  r=  86.1 steps=293.2 ploss=-0.0140 vloss=   38.1 ent=1.675 w=21/21/8 (174s)
  [ 238] ep=2380  r=  93.9 steps=304.6 ploss=-0.0197 vloss=   27.8 ent=1.763 w=17/24/9 (178s)
  [ 239] ep=2390  r=  84.9 steps=260.9 ploss=-0.0186 vloss=  123.0 ent=1.265 w=22/21/7 (180s)
  [ 240] ep=2400  r=  69.1 steps=192.3 ploss=-0.0215 vloss=   95.5 ent=1.287 w=22/24/4 (182s)
  [ 241] ep=2410  r=  92.1 steps=209.5 ploss=-0.0129 vloss=   30.9 ent=1.609 w=21/23/6 (191s)
  [ 242] ep=2420  r=  74.6 steps=187.5 ploss=-0.0187 vloss=   69.4 ent=1.208 w=19/27/4 (194s)
  [ 243] ep=2430  r=  74.4 steps=194.3 ploss=-0.0152 vloss=   49.7 ent=1.444 w=24/22/4 (198s)
  [ 244] ep=2440  r=  88.9 steps=216.6 ploss=-0.0197 vloss=   56.6 ent=1.510 w=21/24/5 (202s)
  [ 245] ep=2450  r= 104.8 steps=269.3 ploss=-0.0161 vloss=   23.3 ent=1.797 w=24/19/7 (209s)
  [ 246] ep=2460  r=  73.5 steps=200.7 ploss=-0.0167 vloss=   93.6 ent=1.359 w=25/21/4 (211s)
  [ 247] ep=2470  r=  83.1 steps=205.7 ploss=-0.0136 vloss=   40.8 ent=1.388 w=25/20/5 (214s)
  [ 248] ep=2480  r=  73.5 steps=175.1 ploss=-0.0170 vloss=  132.7 ent=1.399 w=20/26/4 (216s)
  [ 249] ep=2490  r=  69.2 steps=167.3 ploss=-0.0207 vloss=   67.3 ent=1.686 w=21/26/3 (219s)
  [ 250] ep=2500  r=  52.2 steps=109.9 ploss=-0.0173 vloss=  145.5 ent=1.509 w=20/29/1 (221s)
  [ 251] ep=2510  r=  56.0 steps=113.8 ploss=-0.0201 vloss=   73.4 ent=1.450 w=24/25/1 (222s)
  [ 252] ep=2520  r=  57.1 steps=114.6 ploss=-0.0175 vloss=   54.4 ent=1.851 w=25/24/1 (226s)
  [ 253] ep=2530  r=  58.0 steps=119.5 ploss=-0.0189 vloss=   89.4 ent=1.443 w=26/23/1 (228s)
  [ 254] ep=2540  r=  56.2 steps=122.0 ploss=-0.0173 vloss=   36.5 ent=1.974 w=23/25/2 (232s)
  [ 255] ep=2550  r=  66.0 steps=144.2 ploss=-0.0173 vloss=   38.5 ent=1.828 w=21/26/3 (236s)
  [ 256] ep=2560  r=  71.7 steps=159.0 ploss=-0.0165 vloss=   52.6 ent=1.790 w=16/30/4 (239s)
  [ 257] ep=2570  r=  70.2 steps=172.3 ploss=-0.0130 vloss=   47.1 ent=1.580 w=16/30/4 (244s)
  [ 258] ep=2580  r=  69.9 steps=176.1 ploss=-0.0185 vloss=   90.3 ent=1.270 w=19/27/4 (247s)
  [ 259] ep=2590  r=  63.6 steps=163.7 ploss=-0.0183 vloss=   63.3 ent=1.438 w=21/26/3 (249s)
  [ 260] ep=2600  r=  66.9 steps=167.9 ploss=-0.0164 vloss=   37.0 ent=1.470 w=24/23/3 (253s)
  [ 261] ep=2610  r=  70.7 steps=168.7 ploss=-0.0198 vloss=   52.1 ent=1.242 w=25/23/2 (256s)
  [ 262] ep=2620  r=  60.5 steps=134.3 ploss=-0.0205 vloss=   91.7 ent=1.627 w=27/22/1 (258s)
  [ 263] ep=2630  r=  78.2 steps=162.8 ploss=-0.0325 vloss=   31.0 ent=2.016 w=27/20/3 (264s)
  [ 264] ep=2640  r=  75.2 steps=159.8 ploss=-0.0562 vloss=   88.2 ent=1.355 w=26/21/3 (265s)
  [ 265] ep=2650  r=  71.6 steps=149.1 ploss=-0.0143 vloss=   51.6 ent=1.899 w=24/23/3 (269s)
  [ 266] ep=2660  r=  73.7 steps=159.3 ploss=-0.0146 vloss=   58.0 ent=1.773 w=27/19/4 (273s)
  [ 267] ep=2670  r=  83.0 steps=178.3 ploss=-0.0169 vloss=   51.5 ent=1.841 w=23/22/5 (277s)
  [ 268] ep=2680  r=  65.3 steps=141.2 ploss=-0.0123 vloss=  100.7 ent=1.319 w=21/26/3 (279s)
  [ 269] ep=2690  r=  77.3 steps=167.0 ploss=-0.0166 vloss=   48.1 ent=1.581 w=20/26/4 (283s)
  [ 270] ep=2700  r=  77.4 steps=177.2 ploss=-0.0189 vloss=   28.1 ent=1.694 w=20/26/4 (287s)
  [ 271] ep=2710  r=  62.4 steps=150.0 ploss=-0.0203 vloss=   76.3 ent=1.270 w=18/29/3 (289s)
  [ 272] ep=2720  r=  61.9 steps=156.8 ploss=-0.0173 vloss=   51.5 ent=1.697 w=21/26/3 (293s)
  [ 273] ep=2730  r=  73.3 steps=179.7 ploss=-0.0171 vloss=   45.8 ent=1.551 w=20/26/4 (297s)
  [ 274] ep=2740  r=  68.6 steps=179.0 ploss=-0.0151 vloss=   60.7 ent=1.546 w=23/23/4 (301s)
  [ 275] ep=2750  r=  61.8 steps=156.4 ploss=-0.0201 vloss=  186.7 ent=1.160 w=27/20/3 (303s)
  [ 276] ep=2760  r=  87.2 steps=195.3 ploss=-0.0158 vloss=   27.1 ent=1.672 w=26/19/5 (309s)
  [ 277] ep=2770  r=  79.7 steps=178.4 ploss=-0.0129 vloss=   74.3 ent=0.986 w=25/21/4 (311s)
  [ 278] ep=2780  r=  78.0 steps=179.4 ploss=-0.0157 vloss=   31.6 ent=1.707 w=25/21/4 (315s)
  [ 279] ep=2790  r=  81.1 steps=174.2 ploss=-0.0155 vloss=   51.6 ent=1.390 w=22/24/4 (318s)
  [ 280] ep=2800  r=  81.8 steps=181.2 ploss=-0.0151 vloss=   81.6 ent=1.291 w=18/28/4 (321s)
  [ 281] ep=2810  r=  64.5 steps=157.4 ploss=-0.0176 vloss=   60.9 ent=1.589 w=16/32/2 (324s)
  [ 282] ep=2820  r=  65.7 steps=150.5 ploss=-0.0163 vloss=   71.3 ent=1.145 w=16/32/2 (326s)
  [ 283] ep=2830  r=  61.1 steps=136.4 ploss=-0.0179 vloss=   68.8 ent=1.187 w=16/33/1 (328s)
  [ 284] ep=2840  r=  62.8 steps=138.0 ploss=-0.0159 vloss=   36.2 ent=1.717 w=16/33/1 (332s)
  [ 285] ep=2850  r=  68.5 steps=156.2 ploss=-0.0164 vloss=   61.5 ent=1.577 w=18/30/2 (336s)
  [ 286] ep=2860  r=  83.8 steps=194.1 ploss=-0.0177 vloss=   22.9 ent=2.050 w=20/25/5 (344s)
  [ 287] ep=2870  r= 112.0 steps=248.8 ploss=-0.0126 vloss=   26.9 ent=1.531 w=21/21/8 (350s)
  [ 288] ep=2880  r= 109.2 steps=247.1 ploss=-0.0245 vloss=   73.5 ent=1.539 w=24/18/8 (353s)
  [ 289] ep=2890  r= 119.7 steps=280.9 ploss=-0.0144 vloss=   28.2 ent=1.789 w=24/17/9 (360s)
  [ 290] ep=2900  r= 132.1 steps=293.8 ploss=-0.0178 vloss=   31.9 ent=1.921 w=24/16/10 (366s)
  [ 291] ep=2910  r= 115.3 steps=258.1 ploss=-0.0166 vloss=   63.5 ent=1.140 w=25/18/7 (369s)
  [ 292] ep=2920  r=  91.9 steps=221.5 ploss=-0.0134 vloss=   38.4 ent=1.921 w=25/20/5 (373s)
  [ 293] ep=2930  r=  89.7 steps=231.8 ploss=-0.0123 vloss=   59.8 ent=1.048 w=23/21/6 (376s)
  [ 294] ep=2940  r=  68.9 steps=178.6 ploss=-0.0173 vloss=   97.5 ent=1.316 w=25/21/4 (378s)
  [ 295] ep=2950  r=  49.2 steps=137.2 ploss=-0.0178 vloss=  127.7 ent=1.620 w=25/23/2 (380s)
  [ 296] ep=2960  r=  54.5 steps=135.4 ploss=-0.0162 vloss=   38.0 ent=1.547 w=27/20/3 (383s)
  [ 297] ep=2970  r=  49.4 steps=118.2 ploss=-0.0195 vloss=   78.3 ent=1.642 w=25/23/2 (385s)
  [ 298] ep=2980  r=  55.1 steps=118.7 ploss=-0.0161 vloss=   53.2 ent=1.852 w=22/26/2 (388s)
  [ 299] ep=2990  r=  62.6 steps=136.4 ploss=-0.0212 vloss=   51.7 ent=1.817 w=23/25/2 (392s)
  [ 300] ep=3000  r=  72.9 steps=158.4 ploss=-0.0138 vloss=   62.1 ent=1.699 w=21/26/3 (396s)
  [ 301] ep=3010  r=  70.0 steps=160.1 ploss=-0.0168 vloss=   43.4 ent=1.628 w=17/30/3 (399s)
  [ 302] ep=3020  r=  70.1 steps=160.9 ploss=-0.0228 vloss=   70.1 ent=1.400 w=19/28/3 (401s)
  [ 303] ep=3030  r=  84.0 steps=185.1 ploss=-0.0140 vloss=   27.4 ent=1.955 w=19/27/4 (407s)
  [ 304] ep=3040  r=  77.3 steps=182.2 ploss=-0.0177 vloss=   93.5 ent=1.246 w=19/27/4 (411s)
  [ 305] ep=3050  r=  67.5 steps=159.1 ploss=-0.0201 vloss=  113.0 ent=1.354 w=20/27/3 (412s)
  [ 306] ep=3060  r=  56.5 steps=144.9 ploss=-0.0173 vloss=   80.8 ent=1.308 w=21/27/2 (414s)
  [ 307] ep=3070  r=  54.4 steps=142.1 ploss=-0.0184 vloss=   25.9 ent=1.410 w=20/28/2 (415s)
  [ 308] ep=3080  r=  52.8 steps=134.6 ploss=-0.0190 vloss=   39.6 ent=1.943 w=21/28/1 (420s)
  [ 309] ep=3090  r=  67.3 steps=143.0 ploss=-0.0181 vloss=   48.4 ent=1.899 w=18/30/2 (424s)
  [ 310] ep=3100  r=  79.0 steps=168.9 ploss=-0.0166 vloss=   35.4 ent=1.954 w=18/29/3 (428s)
  [ 311] ep=3110  r=  90.3 steps=182.4 ploss=-0.0127 vloss=   67.0 ent=1.620 w=20/26/4 (432s)
  [ 312] ep=3120  r=  92.2 steps=179.6 ploss=-0.0241 vloss=  136.3 ent=1.241 w=20/26/4 (433s)
  [ 313] ep=3130  r=  83.7 steps=167.7 ploss=-0.0183 vloss=   41.4 ent=1.789 w=23/23/4 (437s)
  [ 314] ep=3140  r=  87.4 steps=177.9 ploss=-0.0171 vloss=   38.0 ent=2.050 w=24/21/5 (442s)
  [ 315] ep=3150  r= 102.4 steps=194.8 ploss=-0.0177 vloss=   56.9 ent=1.620 w=24/20/6 (447s)
  [ 316] ep=3160  r= 105.2 steps=203.0 ploss=-0.0211 vloss=   39.9 ent=1.918 w=21/23/6 (451s)
  [ 317] ep=3170  r= 105.0 steps=208.8 ploss=-0.0195 vloss=   79.6 ent=1.389 w=23/21/6 (453s)
  [ 318] ep=3180  r= 103.6 steps=203.1 ploss=-0.0187 vloss=   46.8 ent=1.741 w=22/22/6 (456s)
  [ 319] ep=3190  r=  85.1 steps=178.2 ploss=-0.0158 vloss=   59.2 ent=1.368 w=24/22/4 (459s)
  [ 320] ep=3200  r=  76.3 steps=175.4 ploss=-0.0147 vloss=   33.8 ent=1.973 w=24/22/4 (464s)
  [ 321] ep=3210  r=  63.4 steps=148.0 ploss=-0.0210 vloss=  111.9 ent=1.253 w=27/20/3 (466s)
  [ 322] ep=3220  r=  70.6 steps=161.2 ploss=-0.0200 vloss=   68.9 ent=1.794 w=28/19/3 (469s)
  [ 323] ep=3230  r=  60.3 steps=143.8 ploss=-0.0182 vloss=   84.5 ent=1.362 w=25/23/2 (471s)
  [ 324] ep=3240  r=  57.3 steps=131.2 ploss=-0.0212 vloss=   67.8 ent=1.686 w=26/22/2 (473s)
  [ 325] ep=3250  r=  37.5 steps= 90.7 ploss=-0.0224 vloss=   88.2 ent=1.596 w=24/26/0 (474s)
  [ 326] ep=3260  r=  46.0 steps=110.6 ploss=-0.0200 vloss=   47.5 ent=1.926 w=25/24/1 (477s)
  [ 327] ep=3270  r=  55.9 steps=133.9 ploss=-0.0136 vloss=   38.8 ent=1.896 w=23/24/3 (483s)
  [ 328] ep=3280  r=  78.2 steps=174.5 ploss=-0.0162 vloss=   40.2 ent=1.798 w=26/19/5 (488s)
  [ 329] ep=3290  r=  82.2 steps=181.0 ploss=-0.0220 vloss=  105.8 ent=1.628 w=24/21/5 (491s)
  [ 330] ep=3300  r= 105.6 steps=222.6 ploss=-0.0160 vloss=   28.2 ent=1.804 w=25/18/7 (496s)
  [ 331] ep=3310  r=  97.9 steps=204.5 ploss=-0.0190 vloss=   80.7 ent=1.530 w=23/21/6 (498s)
  [ 332] ep=3320  r=  90.1 steps=189.9 ploss=-0.0199 vloss=   30.9 ent=2.099 w=23/22/5 (502s)
  [ 333] ep=3330  r=  69.1 steps=153.0 ploss=-0.0237 vloss=   67.6 ent=1.680 w=21/26/3 (504s)
  [ 334] ep=3340  r=  69.7 steps=155.4 ploss=-0.0226 vloss=   81.2 ent=1.663 w=22/25/3 (507s)
  [ 335] ep=3350  r=  55.6 steps=136.0 ploss=-0.0176 vloss=   26.1 ent=1.838 w=27/21/2 (509s)
  [ 336] ep=3360  r=  65.7 steps=155.3 ploss=-0.0165 vloss=   49.4 ent=1.689 w=28/19/3 (513s)
  [ 337] ep=3370  r=  65.2 steps=149.6 ploss=-0.0151 vloss=   41.5 ent=1.533 w=25/22/3 (516s)
  [ 338] ep=3380  r=  73.7 steps=164.5 ploss=-0.0196 vloss=   65.5 ent=1.824 w=26/20/4 (520s)
  [ 339] ep=3390  r=  77.6 steps=172.2 ploss=-0.0226 vloss=   58.5 ent=2.028 w=24/22/4 (523s)
  [ 340] ep=3400  r=  70.7 steps=157.4 ploss=-0.0222 vloss=  100.5 ent=1.628 w=21/26/3 (525s)
  [ 341] ep=3410  r=  85.8 steps=187.1 ploss=-0.0172 vloss=   35.2 ent=1.779 w=19/27/4 (532s)
  [ 342] ep=3420  r=  77.3 steps=170.0 ploss=-0.0242 vloss=   46.8 ent=1.767 w=24/23/3 (534s)
  [ 343] ep=3430  r=  78.4 steps=169.0 ploss=-0.0173 vloss=   62.8 ent=1.654 w=24/23/3 (538s)
  [ 344] ep=3440  r=  73.3 steps=157.2 ploss=-0.0220 vloss=   72.2 ent=1.351 w=24/23/3 (539s)
  [ 345] ep=3450  r=  70.8 steps=156.0 ploss=-0.0160 vloss=   99.4 ent=1.305 w=23/24/3 (541s)
  [ 346] ep=3460  r=  52.0 steps=130.4 ploss=-0.0179 vloss=   53.7 ent=1.649 w=25/24/1 (545s)
  [ 347] ep=3470  r=  49.2 steps=132.8 ploss=-0.0142 vloss=   48.2 ent=1.222 w=23/26/1 (547s)
  [ 348] ep=3480  r=  40.5 steps=124.1 ploss=-0.0197 vloss=   85.7 ent=1.355 w=21/29/0 (549s)
  [ 349] ep=3490  r=  49.6 steps=138.3 ploss=-0.0203 vloss=   65.6 ent=1.986 w=21/28/1 (553s)
  [ 350] ep=3500  r=  55.0 steps=143.2 ploss=-0.0245 vloss=   76.6 ent=1.903 w=21/28/1 (556s)
  [ 351] ep=3510  r=  47.3 steps=116.1 ploss=-0.0222 vloss=  108.6 ent=1.605 w=19/30/1 (557s)
  [ 352] ep=3520  r=  57.6 steps=131.0 ploss=-0.0176 vloss=   37.6 ent=2.037 w=18/30/2 (561s)
  [ 353] ep=3530  r=  57.0 steps=120.0 ploss=-0.0200 vloss=  109.7 ent=1.406 w=22/26/2 (562s)
  [ 354] ep=3540  r=  53.8 steps=118.7 ploss=-0.0196 vloss=   32.3 ent=2.111 w=24/24/2 (566s)
  [ 355] ep=3550  r=  49.6 steps=110.1 ploss=-0.0210 vloss=   69.9 ent=1.516 w=25/23/2 (567s)
  [ 356] ep=3560  r=  61.5 steps=132.3 ploss=-0.0201 vloss=   42.0 ent=1.799 w=23/24/3 (571s)
  [ 357] ep=3570  r=  53.0 steps=112.3 ploss=-0.0222 vloss=  103.4 ent=1.494 w=23/25/2 (572s)
  [ 358] ep=3580  r=  77.4 steps=165.0 ploss=-0.0158 vloss=   31.3 ent=2.116 w=21/24/5 (580s)
  [ 359] ep=3590  r=  73.1 steps=151.9 ploss=-0.0229 vloss=   83.3 ent=1.595 w=18/28/4 (582s)
  [ 360] ep=3600  r=  86.2 steps=175.1 ploss=-0.0161 vloss=   57.3 ent=1.757 w=17/28/5 (586s)
  [ 361] ep=3610  r=  85.6 steps=175.5 ploss=-0.0204 vloss=   56.8 ent=1.947 w=19/26/5 (590s)
  [ 362] ep=3620  r=  91.6 steps=196.0 ploss=-0.0181 vloss=   41.3 ent=1.764 w=20/24/6 (594s)
  [ 363] ep=3630  r=  77.8 steps=178.8 ploss=-0.0153 vloss=   46.7 ent=1.512 w=22/24/4 (599s)
  [ 364] ep=3640  r=  83.7 steps=200.1 ploss=-0.0206 vloss=   25.9 ent=1.627 w=23/22/5 (603s)
  [ 365] ep=3650  r=  95.6 steps=221.9 ploss=-0.0156 vloss=   39.6 ent=1.601 w=24/20/6 (609s)
  [ 366] ep=3660  r=  87.1 steps=207.8 ploss=-0.0189 vloss=   83.9 ent=1.432 w=28/17/5 (611s)
  [ 367] ep=3670  r=  80.4 steps=185.9 ploss=-0.0190 vloss=  114.2 ent=1.457 w=27/19/4 (612s)
  [ 368] ep=3680  r=  78.0 steps=167.1 ploss=+0.0040 vloss=   65.5 ent=1.828 w=25/22/3 (616s)
  [ 369] ep=3690  r=  78.1 steps=166.9 ploss=+0.0129 vloss=   53.2 ent=1.617 w=24/23/3 (619s)
  [ 370] ep=3700  r=  51.9 steps=129.9 ploss=-0.0189 vloss=   57.5 ent=1.127 w=25/24/1 (622s)
  [ 371] ep=3710  r=  58.8 steps=139.9 ploss=-0.0247 vloss=   63.0 ent=1.692 w=22/27/1 (625s)
  [ 372] ep=3720  r=  59.0 steps=142.7 ploss=-0.0187 vloss=  112.5 ent=1.362 w=26/23/1 (627s)
  [ 373] ep=3730  r=  51.0 steps=128.2 ploss=-0.0209 vloss=   63.5 ent=1.457 w=27/22/1 (629s)
  [ 374] ep=3740  r=  48.7 steps=119.2 ploss=-0.0155 vloss=   53.6 ent=1.900 w=29/20/1 (633s)
  [ 375] ep=3750  r=  51.8 steps=116.4 ploss=-0.0250 vloss=   56.3 ent=1.507 w=28/21/1 (635s)
  [ 376] ep=3760  r=  42.1 steps=111.0 ploss=-0.0149 vloss=   58.3 ent=1.221 w=28/21/1 (637s)
  [ 377] ep=3770  r=  54.9 steps=132.9 ploss=-0.0165 vloss=   43.1 ent=1.539 w=26/22/2 (641s)
  [ 378] ep=3780  r=  56.8 steps=135.9 ploss=-0.0223 vloss=  108.4 ent=1.531 w=25/23/2 (643s)
  [ 379] ep=3790  r=  57.3 steps=135.6 ploss=-0.0196 vloss=   52.2 ent=1.795 w=24/24/2 (647s)
  [ 380] ep=3800  r=  55.1 steps=132.7 ploss=-0.0180 vloss=   79.7 ent=1.499 w=24/24/2 (648s)
  [ 381] ep=3810  r=  68.1 steps=142.3 ploss=-0.0199 vloss=   45.5 ent=1.840 w=24/23/3 (651s)
  [ 382] ep=3820  r=  64.7 steps=137.5 ploss=-0.0238 vloss=   66.8 ent=1.903 w=24/24/2 (655s)
  [ 383] ep=3830  r=  61.6 steps=160.9 ploss=-0.0108 vloss=   60.5 ent=0.958 w=25/23/2 (659s)
  [ 384] ep=3840  r=  52.1 steps=140.1 ploss=-0.0208 vloss=  134.0 ent=1.447 w=30/19/1 (660s)
  [ 385] ep=3850  r=  52.2 steps=137.6 ploss=-0.0191 vloss=  102.2 ent=1.536 w=31/18/1 (662s)
  [ 386] ep=3860  r=  40.8 steps=121.8 ploss=-0.0169 vloss=   87.6 ent=1.253 w=30/20/0 (664s)
  [ 387] ep=3870  r=  39.8 steps=115.9 ploss=-0.0196 vloss=   57.2 ent=1.575 w=29/21/0 (667s)
  [ 388] ep=3880  r=  67.3 steps=124.7 ploss=-0.0132 vloss=   46.0 ent=1.747 w=26/22/2 (672s)
  [ 389] ep=3890  r=  81.9 steps=147.7 ploss=-0.0133 vloss=   74.1 ent=1.649 w=22/25/3 (675s)
  [ 390] ep=3900  r=  82.1 steps=148.8 ploss=-0.0180 vloss=   83.1 ent=1.621 w=20/27/3 (677s)
  [ 391] ep=3910  r=  81.9 steps=154.1 ploss=-0.0141 vloss=   48.9 ent=1.323 w=21/26/3 (680s)
  [ 392] ep=3920  r=  74.3 steps=149.9 ploss=-0.0172 vloss=   52.4 ent=1.195 w=21/26/3 (682s)
  [ 393] ep=3930  r=  92.5 steps=176.8 ploss=-0.0124 vloss=   30.1 ent=1.557 w=23/23/4 (689s)
  [ 394] ep=3940  r=  78.9 steps=157.7 ploss=-0.0198 vloss=   76.2 ent=1.346 w=22/25/3 (691s)
  [ 395] ep=3950  r=  81.3 steps=158.8 ploss=-0.0231 vloss=   72.3 ent=1.599 w=24/23/3 (692s)
  [ 396] ep=3960  r=  98.5 steps=186.9 ploss=-0.0184 vloss=   30.7 ent=1.944 w=23/22/5 (697s)
  [ 397] ep=3970  r= 118.4 steps=213.8 ploss=-0.0107 vloss=   39.9 ent=1.842 w=23/20/7 (702s)
  [ 398] ep=3980  r=  85.4 steps=170.6 ploss=-0.0164 vloss=   64.6 ent=1.832 w=22/23/5 (705s)
  [ 399] ep=3990  r= 106.1 steps=204.8 ploss=-0.0181 vloss=   32.0 ent=1.898 w=22/21/7 (709s)
  [ 400] ep=4000  r= 104.1 steps=207.9 ploss=-0.0182 vloss=   74.7 ent=1.352 w=19/24/7 (711s)
  Phase 2 done: 2000 eps, 711s, avg_r=74.1, avg_steps=177.1

============================================================
  Phase 3 | teams=[3] | 2000 episodes | resuming from ep 2000
============================================================
  [ 201] ep=2010  r=  99.5 steps=235.1 ploss=-0.0210 vloss=   69.8 ent=1.282 w=3/7/0 (4s)
  [ 202] ep=2020  r=  88.2 steps=301.2 ploss=-0.0136 vloss=   50.5 ent=1.139 w=7/12/1 (9s)
  [ 203] ep=2030  r= 102.1 steps=297.6 ploss=-0.0192 vloss=   61.6 ent=1.216 w=13/15/2 (14s)
  [ 204] ep=2040  r= 107.3 steps=313.2 ploss=-0.0140 vloss=   50.5 ent=1.184 w=20/17/3 (20s)
  [ 205] ep=2050  r= 107.7 steps=343.8 ploss=-0.0124 vloss=   33.2 ent=1.247 w=25/20/5 (28s)
  [ 206] ep=2060  r= 104.7 steps=357.3 ploss=-0.0155 vloss=   50.4 ent=1.372 w=30/14/6 (33s)
  [ 207] ep=2070  r= 103.7 steps=343.6 ploss=-0.0163 vloss=   56.0 ent=1.128 w=32/12/6 (38s)
  [ 208] ep=2080  r=  99.7 steps=355.2 ploss=-0.0160 vloss=   39.6 ent=1.431 w=30/13/7 (43s)
  [ 209] ep=2090  r=  97.1 steps=338.6 ploss=-0.0159 vloss=   51.2 ent=1.271 w=31/12/7 (48s)
  [ 210] ep=2100  r=  87.3 steps=345.4 ploss=-0.0079 vloss=   31.3 ent=1.105 w=31/12/7 (56s)
  [ 211] ep=2110  r=  95.9 steps=343.8 ploss=-0.0140 vloss=   51.3 ent=1.184 w=27/16/7 (61s)
  [ 212] ep=2120  r=  99.3 steps=350.4 ploss=-0.0135 vloss=   38.7 ent=1.172 w=24/19/7 (66s)
  [ 213] ep=2130  r=  96.0 steps=352.7 ploss=-0.0186 vloss=   35.3 ent=1.332 w=24/20/6 (72s)
  [ 214] ep=2140  r=  89.6 steps=368.5 ploss=-0.0104 vloss=   46.2 ent=1.057 w=19/25/6 (77s)
  [ 215] ep=2150  r=  97.0 steps=322.4 ploss=-0.0186 vloss=   56.8 ent=1.348 w=19/27/4 (82s)
  [ 216] ep=2160  r=  90.0 steps=302.5 ploss=-0.0192 vloss=   69.7 ent=1.232 w=22/25/3 (85s)
  [ 217] ep=2170  r=  96.8 steps=322.5 ploss=-0.0105 vloss=   34.8 ent=1.398 w=22/24/4 (93s)
  [ 218] ep=2180  r=  90.8 steps=309.4 ploss=-0.0131 vloss=   68.0 ent=1.110 w=23/24/3 (97s)
  [ 219] ep=2190  r=  94.7 steps=287.6 ploss=-0.0161 vloss=   55.6 ent=1.251 w=25/23/2 (101s)
  [ 220] ep=2200  r=  88.6 steps=280.5 ploss=-0.0189 vloss=   54.5 ent=1.293 w=24/24/2 (105s)
  [ 221] ep=2210  r=  84.8 steps=314.5 ploss=-0.0143 vloss=   41.1 ent=1.060 w=22/25/3 (111s)
  [ 222] ep=2220  r=  79.1 steps=298.6 ploss=-0.0131 vloss=   38.5 ent=1.095 w=24/24/2 (117s)
  [ 223] ep=2230  r=  78.8 steps=266.3 ploss=+0.0015 vloss=   96.4 ent=1.159 w=23/25/2 (120s)
  [ 224] ep=2240  r=  79.5 steps=264.3 ploss=-0.0175 vloss=   54.5 ent=1.303 w=21/27/2 (123s)
  [ 225] ep=2250  r=  79.0 steps=249.8 ploss=-0.0188 vloss=   77.7 ent=1.243 w=21/27/2 (126s)
  [ 226] ep=2260  r=  88.1 steps=223.3 ploss=-0.0139 vloss=   76.5 ent=1.038 w=19/29/2 (130s)
  [ 227] ep=2270  r=  94.9 steps=218.4 ploss=-0.0174 vloss=   41.3 ent=1.638 w=18/29/3 (135s)
  [ 228] ep=2280  r= 101.0 steps=240.1 ploss=-0.0145 vloss=   61.4 ent=1.246 w=19/28/3 (139s)
  [ 229] ep=2290  r=  95.8 steps=244.8 ploss=-0.0137 vloss=   45.2 ent=0.963 w=21/26/3 (143s)
  [ 230] ep=2300  r= 107.6 steps=267.9 ploss=-0.0144 vloss=   41.5 ent=1.382 w=23/23/4 (148s)
  [ 231] ep=2310  r= 101.8 steps=271.2 ploss=-0.0334 vloss=   45.4 ent=1.148 w=25/22/3 (152s)
  [ 232] ep=2320  r=  89.6 steps=232.1 ploss=-0.0181 vloss=   80.9 ent=1.339 w=28/21/1 (154s)
  [ 233] ep=2330  r=  88.6 steps=224.1 ploss=-0.0274 vloss=   62.7 ent=1.307 w=29/20/1 (158s)
  [ 234] ep=2340  r=  91.7 steps=206.2 ploss=-0.0179 vloss=   93.9 ent=1.172 w=29/20/1 (160s)
  [ 235] ep=2350  r=  94.7 steps=209.0 ploss=-0.0141 vloss=   49.9 ent=1.592 w=29/19/2 (167s)
  [ 236] ep=2360  r=  93.7 steps=211.1 ploss=-0.0137 vloss=   41.9 ent=1.104 w=30/18/2 (172s)
  [ 237] ep=2370  r= 107.1 steps=243.3 ploss=-0.0303 vloss=   32.0 ent=1.648 w=28/18/4 (178s)
  [ 238] ep=2380  r= 103.7 steps=227.0 ploss=-0.0202 vloss=   74.0 ent=1.263 w=29/17/4 (181s)
  [ 239] ep=2390  r= 114.1 steps=252.8 ploss=-0.0159 vloss=   45.0 ent=1.730 w=29/15/6 (187s)
  [ 240] ep=2400  r= 105.9 steps=236.5 ploss=-0.0170 vloss=   69.2 ent=1.550 w=26/19/5 (190s)
  [ 241] ep=2410  r= 120.1 steps=246.8 ploss=-0.0158 vloss=   42.7 ent=1.455 w=24/19/7 (195s)
  [ 242] ep=2420  r= 121.1 steps=246.9 ploss=-0.0170 vloss=   32.4 ent=1.799 w=21/22/7 (201s)
  [ 243] ep=2430  r= 135.2 steps=284.4 ploss=-0.0175 vloss=   49.2 ent=1.760 w=21/20/9 (206s)
  [ 244] ep=2440  r= 125.6 steps=259.8 ploss=-0.0192 vloss=   88.0 ent=1.413 w=19/23/8 (210s)
  [ 245] ep=2450  r= 127.8 steps=259.6 ploss=-0.0196 vloss=   34.8 ent=1.507 w=21/21/8 (215s)
  [ 246] ep=2460  r= 111.8 steps=223.2 ploss=-0.0285 vloss=  116.4 ent=1.391 w=18/26/6 (217s)
  [ 247] ep=2470  r= 107.1 steps=207.1 ploss=-0.0153 vloss=   40.1 ent=1.419 w=20/25/5 (221s)
  [ 248] ep=2480  r=  92.4 steps=169.4 ploss=-0.0231 vloss=   91.9 ent=1.594 w=20/27/3 (223s)
  [ 249] ep=2490  r= 106.6 steps=192.3 ploss=-0.0251 vloss=   47.6 ent=1.515 w=23/24/3 (228s)
  [ 250] ep=2500  r= 115.3 steps=206.4 ploss=-0.0151 vloss=   41.2 ent=1.630 w=23/23/4 (232s)
  [ 251] ep=2510  r= 115.0 steps=205.4 ploss=-0.0213 vloss=   76.9 ent=1.347 w=26/20/4 (234s)
  [ 252] ep=2520  r= 105.0 steps=185.1 ploss=-0.0235 vloss=  109.6 ent=1.379 w=26/21/3 (236s)
  [ 253] ep=2530  r= 113.5 steps=201.3 ploss=-0.0134 vloss=   64.4 ent=1.519 w=25/21/4 (240s)
  [ 254] ep=2540  r=  91.4 steps=164.4 ploss=-0.0206 vloss=   91.7 ent=1.420 w=21/26/3 (242s)
  [ 255] ep=2550  r= 104.5 steps=184.2 ploss=-0.0166 vloss=   27.8 ent=1.667 w=20/26/4 (248s)
  [ 256] ep=2560  r= 100.7 steps=179.4 ploss=-0.0208 vloss=   79.2 ent=1.386 w=24/22/4 (250s)
  [ 257] ep=2570  r= 114.1 steps=197.7 ploss=-0.0179 vloss=   67.1 ent=1.279 w=23/22/5 (253s)
  [ 258] ep=2580  r= 112.7 steps=198.2 ploss=-0.0172 vloss=   58.1 ent=1.501 w=22/23/5 (256s)
  [ 259] ep=2590  r= 126.2 steps=223.9 ploss=-0.0181 vloss=   62.1 ent=1.623 w=26/18/6 (260s)
  [ 260] ep=2600  r=  96.6 steps=170.4 ploss=-0.0217 vloss=  102.8 ent=1.222 w=27/20/3 (262s)
  [ 261] ep=2610  r= 117.4 steps=206.7 ploss=-0.0134 vloss=   30.8 ent=1.639 w=23/22/5 (266s)
  [ 262] ep=2620  r= 119.1 steps=208.1 ploss=-0.0170 vloss=   58.7 ent=1.380 w=24/21/5 (270s)
  [ 263] ep=2630  r= 111.5 steps=187.7 ploss=+0.0273 vloss=   86.1 ent=1.173 w=22/24/4 (272s)
  [ 264] ep=2640  r= 122.1 steps=201.8 ploss=-0.0100 vloss=   29.4 ent=1.361 w=17/28/5 (276s)
  [ 265] ep=2650  r= 119.3 steps=197.5 ploss=-0.0223 vloss=  107.3 ent=1.307 w=16/29/5 (278s)
  [ 266] ep=2660  r=  99.6 steps=162.1 ploss=-0.0235 vloss=   81.5 ent=1.392 w=19/28/3 (280s)
  [ 267] ep=2670  r=  84.9 steps=142.0 ploss=-0.0198 vloss=  102.5 ent=1.071 w=20/28/2 (282s)
  [ 268] ep=2680  r=  96.7 steps=162.4 ploss=-0.0197 vloss=   68.4 ent=1.332 w=19/28/3 (285s)
  [ 269] ep=2690  r=  76.8 steps=127.5 ploss=-0.0216 vloss=   69.6 ent=1.199 w=22/27/1 (287s)
  [ 270] ep=2700  r=  76.9 steps=133.5 ploss=-0.0149 vloss=   46.0 ent=1.187 w=23/26/1 (289s)
  [ 271] ep=2710  r=  87.1 steps=151.9 ploss=-0.0179 vloss=   41.7 ent=1.690 w=20/28/2 (292s)
  [ 272] ep=2720  r=  89.7 steps=158.2 ploss=-0.0193 vloss=   89.0 ent=1.275 w=18/30/2 (294s)
  [ 273] ep=2730  r=  90.0 steps=157.9 ploss=-0.0149 vloss=   55.4 ent=1.489 w=23/25/2 (298s)
  [ 274] ep=2740  r=  88.9 steps=155.1 ploss=-0.0212 vloss=  142.9 ent=1.354 w=23/25/2 (300s)
  [ 275] ep=2750  r= 102.7 steps=177.8 ploss=-0.0137 vloss=   65.9 ent=1.231 w=23/24/3 (304s)
  [ 276] ep=2760  r= 102.1 steps=175.2 ploss=-0.0144 vloss=   91.3 ent=1.474 w=23/24/3 (307s)
  [ 277] ep=2770  r=  99.5 steps=168.0 ploss=-0.0209 vloss=   88.2 ent=1.262 w=24/23/3 (309s)
  [ 278] ep=2780  r=  96.1 steps=164.1 ploss=-0.0144 vloss=   57.3 ent=1.534 w=22/25/3 (312s)
  [ 279] ep=2790  r= 104.2 steps=176.5 ploss=-0.0184 vloss=   60.9 ent=1.596 w=24/22/4 (316s)
  [ 280] ep=2800  r=  97.7 steps=169.7 ploss=-0.0198 vloss=   26.6 ent=1.859 w=25/21/4 (318s)
  [ 281] ep=2810  r=  89.0 steps=152.9 ploss=-0.0056 vloss=   92.9 ent=1.404 w=26/21/3 (320s)
  [ 282] ep=2820  r=  99.3 steps=167.5 ploss=+0.0018 vloss=   61.7 ent=1.323 w=24/22/4 (323s)
  [ 283] ep=2830  r= 118.5 steps=202.0 ploss=-0.0149 vloss=   31.1 ent=1.888 w=23/21/6 (329s)
  [ 284] ep=2840  r= 124.6 steps=207.1 ploss=-0.0145 vloss=   62.5 ent=1.364 w=20/24/6 (332s)
  [ 285] ep=2850  r= 119.6 steps=188.1 ploss=-0.0211 vloss=   89.0 ent=1.420 w=22/23/5 (334s)
  [ 286] ep=2860  r= 129.5 steps=208.5 ploss=-0.0178 vloss=   47.9 ent=1.589 w=20/24/6 (337s)
  [ 287] ep=2870  r= 131.5 steps=211.6 ploss=-0.0168 vloss=   56.6 ent=1.299 w=24/20/6 (341s)
  [ 288] ep=2880  r= 103.1 steps=165.8 ploss=-0.0210 vloss=   85.1 ent=1.393 w=21/26/3 (343s)
  [ 289] ep=2890  r=  95.6 steps=163.5 ploss=-0.0181 vloss=   56.0 ent=1.854 w=22/25/3 (347s)
  [ 290] ep=2900  r=  93.9 steps=162.0 ploss=-0.0188 vloss=   89.1 ent=1.362 w=20/27/3 (348s)
  [ 291] ep=2910  r=  93.1 steps=160.6 ploss=-0.0202 vloss=   61.2 ent=1.727 w=21/26/3 (351s)
  [ 292] ep=2920  r=  77.8 steps=140.1 ploss=-0.0234 vloss=   83.7 ent=1.274 w=21/27/2 (353s)
  [ 293] ep=2930  r=  76.9 steps=135.1 ploss=-0.0230 vloss=  105.5 ent=1.215 w=23/25/2 (355s)
  [ 294] ep=2940  r=  69.3 steps=117.2 ploss=-0.0161 vloss=   67.4 ent=1.163 w=27/22/1 (356s)
  [ 295] ep=2950  r=  69.1 steps=114.4 ploss=-0.0221 vloss=  130.5 ent=1.171 w=27/22/1 (358s)
  [ 296] ep=2960  r=  57.8 steps= 95.3 ploss=-0.0228 vloss=  116.9 ent=1.481 w=28/22/0 (360s)
  [ 297] ep=2970  r=  73.6 steps=113.8 ploss=-0.0151 vloss=   47.2 ent=1.375 w=26/23/1 (364s)
  [ 298] ep=2980  r=  88.8 steps=136.3 ploss=-0.0227 vloss=   50.2 ent=1.470 w=27/21/2 (367s)
  [ 299] ep=2990  r=  97.2 steps=152.9 ploss=-0.0224 vloss=   72.3 ent=1.600 w=25/22/3 (371s)
  [ 300] ep=3000  r= 111.1 steps=172.6 ploss=-0.0162 vloss=   71.9 ent=1.592 w=24/22/4 (374s)
  [ 301] ep=3010  r= 115.2 steps=176.2 ploss=-0.0229 vloss=   66.6 ent=1.481 w=21/25/4 (376s)
  [ 302] ep=3020  r= 138.1 steps=212.0 ploss=-0.0104 vloss=   30.2 ent=1.643 w=22/22/6 (382s)
  [ 303] ep=3030  r= 134.2 steps=202.3 ploss=-0.0138 vloss=   52.5 ent=1.500 w=21/23/6 (385s)
  [ 304] ep=3040  r= 134.6 steps=199.5 ploss=-0.0180 vloss=   43.7 ent=1.685 w=21/23/6 (388s)
  [ 305] ep=3050  r= 141.7 steps=216.3 ploss=-0.0002 vloss=   34.7 ent=1.730 w=20/23/7 (392s)
  [ 306] ep=3060  r= 139.8 steps=213.0 ploss=-0.0172 vloss=  107.7 ent=1.317 w=24/19/7 (394s)
  [ 307] ep=3070  r= 123.3 steps=197.9 ploss=-0.0148 vloss=   38.2 ent=1.869 w=24/20/6 (399s)
  [ 308] ep=3080  r= 111.8 steps=185.9 ploss=-0.0226 vloss=  123.0 ent=1.497 w=26/19/5 (401s)
  [ 309] ep=3090  r= 112.5 steps=190.0 ploss=-0.0181 vloss=   60.1 ent=1.524 w=23/22/5 (405s)
  [ 310] ep=3100  r= 110.8 steps=192.6 ploss=-0.0158 vloss=   32.1 ent=1.720 w=22/23/5 (410s)
  [ 311] ep=3110  r= 125.8 steps=218.1 ploss=-0.0226 vloss=   68.9 ent=1.533 w=18/26/6 (413s)
  [ 312] ep=3120  r= 105.0 steps=183.2 ploss=-0.0214 vloss=   58.3 ent=1.360 w=18/28/4 (415s)
  [ 313] ep=3130  r= 107.3 steps=192.3 ploss=-0.0192 vloss=  106.9 ent=1.214 w=20/26/4 (418s)
  [ 314] ep=3140  r= 109.3 steps=193.8 ploss=-0.0175 vloss=   50.1 ent=1.701 w=20/26/4 (422s)
  [ 315] ep=3150  r= 124.7 steps=214.4 ploss=-0.0142 vloss=   29.7 ent=1.756 w=22/23/5 (429s)
  [ 316] ep=3160  r= 118.1 steps=208.5 ploss=-0.0192 vloss=   50.0 ent=1.763 w=26/19/5 (432s)
  [ 317] ep=3170  r= 127.5 steps=224.6 ploss=-0.0227 vloss=   48.1 ent=1.793 w=28/16/6 (436s)
  [ 318] ep=3180  r= 135.0 steps=229.4 ploss=-0.0159 vloss=   55.2 ent=1.685 w=28/15/7 (439s)
  [ 319] ep=3190  r= 131.8 steps=223.9 ploss=-0.0199 vloss=   63.5 ent=1.655 w=30/13/7 (442s)
  [ 320] ep=3200  r=  99.4 steps=167.9 ploss=-0.0183 vloss=  138.3 ent=1.284 w=29/17/4 (444s)
  [ 321] ep=3210  r=  99.9 steps=167.8 ploss=-0.0197 vloss=   56.9 ent=1.883 w=27/19/4 (447s)
  [ 322] ep=3220  r=  90.4 steps=144.2 ploss=-0.0189 vloss=   71.9 ent=1.257 w=25/22/3 (448s)
  [ 323] ep=3230  r=  92.5 steps=147.7 ploss=-0.0203 vloss=   43.2 ent=1.557 w=21/26/3 (452s)
  [ 324] ep=3240  r=  82.7 steps=132.4 ploss=-0.0209 vloss=  114.4 ent=1.258 w=21/27/2 (453s)
  [ 325] ep=3250  r= 103.1 steps=168.9 ploss=-0.0175 vloss=   42.5 ent=1.837 w=22/24/4 (458s)
  [ 326] ep=3260  r= 104.6 steps=171.9 ploss=-0.0181 vloss=   73.7 ent=1.667 w=23/23/4 (462s)
  [ 327] ep=3270  r= 130.6 steps=211.1 ploss=-0.0158 vloss=   34.4 ent=1.440 w=22/22/6 (467s)
  [ 328] ep=3280  r= 140.8 steps=230.1 ploss=-0.0172 vloss=   47.4 ent=1.707 w=22/22/6 (471s)
  [ 329] ep=3290  r= 141.4 steps=228.7 ploss=-0.0236 vloss=  131.7 ent=1.390 w=22/22/6 (473s)
  [ 330] ep=3300  r= 120.6 steps=192.6 ploss=-0.0237 vloss=  104.1 ent=1.510 w=23/23/4 (475s)
  [ 331] ep=3310  r= 128.8 steps=207.5 ploss=-0.0149 vloss=   26.9 ent=1.849 w=24/21/5 (479s)
  [ 332] ep=3320  r= 110.7 steps=189.7 ploss=-0.0207 vloss=   43.8 ent=1.744 w=25/21/4 (482s)
  [ 333] ep=3330  r= 101.1 steps=169.2 ploss=-0.0172 vloss=   60.5 ent=1.693 w=29/17/4 (485s)
  [ 334] ep=3340  r= 119.6 steps=203.4 ploss=-0.0159 vloss=   38.9 ent=1.720 w=29/15/6 (490s)
  [ 335] ep=3350  r= 150.1 steps=253.1 ploss=-0.0184 vloss=   46.8 ent=1.715 w=26/15/9 (496s)
  [ 336] ep=3360  r= 130.7 steps=217.3 ploss=-0.0212 vloss=  113.5 ent=1.230 w=24/19/7 (497s)
  [ 337] ep=3370  r= 146.6 steps=256.1 ploss=-0.0160 vloss=   24.2 ent=1.501 w=21/20/9 (504s)
  [ 338] ep=3380  r= 132.8 steps=235.7 ploss=-0.0240 vloss=  149.4 ent=1.334 w=19/23/8 (505s)
  [ 339] ep=3390  r= 124.5 steps=219.9 ploss=-0.0066 vloss=   56.9 ent=1.397 w=22/21/7 (508s)
  [ 340] ep=3400  r=  95.2 steps=171.6 ploss=-0.0223 vloss=  107.8 ent=1.464 w=24/22/4 (510s)
  [ 341] ep=3410  r= 111.8 steps=185.7 ploss=-0.0211 vloss=   83.0 ent=1.220 w=22/23/5 (513s)
  [ 342] ep=3420  r= 111.3 steps=164.6 ploss=-0.0142 vloss=   45.1 ent=1.568 w=24/22/4 (518s)
  [ 343] ep=3430  r= 144.3 steps=224.0 ploss=-0.0146 vloss=   38.1 ent=1.770 w=24/20/6 (525s)
  [ 344] ep=3440  r= 153.9 steps=245.8 ploss=-0.0185 vloss=   30.5 ent=1.943 w=17/26/7 (530s)
  [ 345] ep=3450  r= 156.8 steps=261.6 ploss=-0.0207 vloss=   78.6 ent=1.774 w=17/25/8 (534s)
  [ 346] ep=3460  r= 148.4 steps=265.2 ploss=-0.0226 vloss=   83.6 ent=1.806 w=21/21/8 (537s)
  [ 347] ep=3470  r= 148.5 steps=266.3 ploss=-0.0180 vloss=   45.3 ent=1.491 w=21/21/8 (541s)
  [ 348] ep=3480  r= 142.9 steps=251.1 ploss=-0.0174 vloss=   33.9 ent=1.377 w=21/21/8 (546s)
  [ 349] ep=3490  r= 121.8 steps=216.9 ploss=-0.0196 vloss=   90.1 ent=1.312 w=26/18/6 (548s)
  [ 350] ep=3500  r= 146.6 steps=253.8 ploss=-0.0116 vloss=   33.5 ent=1.645 w=25/18/7 (554s)
  [ 351] ep=3510  r= 158.9 steps=268.2 ploss=-0.0161 vloss=   43.5 ent=1.764 w=23/19/8 (558s)
  [ 352] ep=3520  r= 178.8 steps=306.3 ploss=-0.0116 vloss=   24.6 ent=1.778 w=21/19/10 (565s)
  [ 353] ep=3530  r= 162.5 steps=287.8 ploss=-0.0205 vloss=   53.5 ent=1.505 w=23/18/9 (568s)
  [ 354] ep=3540  r= 177.5 steps=312.7 ploss=-0.0176 vloss=   61.9 ent=1.452 w=22/18/10 (572s)
  [ 355] ep=3550  r= 169.5 steps=298.6 ploss=-0.0139 vloss=   48.7 ent=1.592 w=23/17/10 (576s)
  [ 356] ep=3560  r= 155.7 steps=281.3 ploss=-0.0333 vloss=   51.2 ent=1.892 w=24/17/9 (579s)
  [ 357] ep=3570  r= 112.3 steps=212.3 ploss=-0.0218 vloss=   74.7 ent=1.223 w=27/18/5 (581s)
  [ 358] ep=3580  r= 112.0 steps=209.0 ploss=-0.0226 vloss=   41.8 ent=1.740 w=24/21/5 (584s)
  [ 359] ep=3590  r= 117.6 steps=215.4 ploss=-0.0154 vloss=   38.9 ent=1.544 w=23/21/6 (588s)
  [ 360] ep=3600  r= 107.6 steps=190.1 ploss=-0.0148 vloss=   51.7 ent=1.250 w=20/25/5 (591s)
  [ 361] ep=3610  r= 111.9 steps=193.7 ploss=-0.0217 vloss=   58.8 ent=1.776 w=20/25/5 (594s)
  [ 362] ep=3620  r= 124.6 steps=206.1 ploss=-0.0186 vloss=   54.8 ent=1.591 w=19/25/6 (597s)
  [ 363] ep=3630  r= 115.5 steps=184.5 ploss=-0.0211 vloss=   80.4 ent=1.236 w=21/24/5 (598s)
  [ 364] ep=3640  r=  95.1 steps=147.5 ploss=-0.0229 vloss=  100.6 ent=1.485 w=19/28/3 (600s)
  [ 365] ep=3650  r=  92.7 steps=153.5 ploss=-0.0192 vloss=   52.5 ent=1.876 w=19/28/3 (603s)
  [ 366] ep=3660  r= 100.9 steps=167.5 ploss=-0.0179 vloss=   35.1 ent=1.932 w=17/29/4 (607s)
  [ 367] ep=3670  r= 109.8 steps=189.5 ploss=-0.0189 vloss=   33.7 ent=1.786 w=18/27/5 (612s)
  [ 368] ep=3680  r= 119.9 steps=207.6 ploss=-0.0209 vloss=   34.3 ent=1.782 w=16/28/6 (614s)
  [ 369] ep=3690  r= 137.4 steps=236.4 ploss=-0.0177 vloss=   61.2 ent=1.519 w=18/25/7 (618s)
  [ 370] ep=3700  r= 160.8 steps=269.4 ploss=-0.0019 vloss=   35.5 ent=1.601 w=19/22/9 (624s)
  [ 371] ep=3710  r= 185.4 steps=324.9 ploss=-0.0116 vloss=   16.6 ent=2.116 w=17/21/12 (632s)
  [ 372] ep=3720  r= 171.1 steps=305.0 ploss=-0.0186 vloss=   52.0 ent=1.902 w=18/21/11 (635s)
  [ 373] ep=3730  r= 189.0 steps=340.8 ploss=-0.0174 vloss=   31.5 ent=2.052 w=18/19/13 (641s)
  [ 374] ep=3740  r= 187.3 steps=334.8 ploss=-0.0164 vloss=   61.2 ent=1.314 w=18/19/13 (644s)
  [ 375] ep=3750  r= 163.5 steps=296.6 ploss=-0.0199 vloss=   42.3 ent=1.673 w=21/18/11 (647s)
  [ 376] ep=3760  r= 142.0 steps=244.1 ploss=-0.0185 vloss=   37.4 ent=1.913 w=24/18/8 (651s)
  [ 377] ep=3770  r= 135.8 steps=227.8 ploss=-0.0220 vloss=   92.8 ent=1.512 w=23/20/7 (653s)
  [ 378] ep=3780  r= 107.5 steps=175.5 ploss=-0.0231 vloss=   63.1 ent=1.466 w=24/22/4 (654s)
  [ 379] ep=3790  r= 112.7 steps=185.7 ploss=-0.0171 vloss=   55.1 ent=1.863 w=25/21/4 (659s)
  [ 380] ep=3800  r= 105.4 steps=171.6 ploss=-0.0352 vloss=   89.4 ent=1.387 w=21/26/3 (661s)
  [ 381] ep=3810  r=  83.9 steps=133.7 ploss=-0.0227 vloss=  114.4 ent=1.472 w=23/26/1 (663s)
  [ 382] ep=3820  r= 105.8 steps=166.9 ploss=-0.0148 vloss=   43.0 ent=1.840 w=21/26/3 (667s)
  [ 383] ep=3830  r= 119.6 steps=186.9 ploss=-0.0159 vloss=   57.5 ent=1.628 w=21/25/4 (670s)
  [ 384] ep=3840  r= 110.3 steps=175.1 ploss=-0.0223 vloss=   62.3 ent=1.893 w=23/23/4 (674s)
  [ 385] ep=3850  r= 108.8 steps=169.7 ploss=-0.0245 vloss=  147.8 ent=1.295 w=28/18/4 (675s)
  [ 386] ep=3860  r= 120.5 steps=189.4 ploss=-0.0217 vloss=   52.7 ent=1.802 w=29/16/5 (678s)
  [ 387] ep=3870  r=  96.2 steps=155.4 ploss=-0.0213 vloss=  126.6 ent=1.396 w=31/16/3 (680s)
  [ 388] ep=3880  r=  82.9 steps=136.7 ploss=-0.0250 vloss=  122.0 ent=1.324 w=31/17/2 (681s)
  [ 389] ep=3890  r=  91.1 steps=148.1 ploss=-0.0135 vloss=   53.4 ent=1.088 w=30/18/2 (685s)
  [ 390] ep=3900  r= 101.3 steps=169.8 ploss=-0.0155 vloss=   35.3 ent=1.738 w=29/18/3 (688s)
  [ 391] ep=3910  r= 108.2 steps=187.6 ploss=-0.0213 vloss=   30.4 ent=1.899 w=26/20/4 (693s)
  [ 392] ep=3920  r= 118.0 steps=202.6 ploss=-0.0203 vloss=   60.0 ent=2.001 w=25/20/5 (696s)
  [ 393] ep=3930  r= 150.4 steps=259.1 ploss=-0.0147 vloss=   33.2 ent=1.750 w=27/15/8 (701s)
  [ 394] ep=3940  r= 131.5 steps=227.3 ploss=-0.0210 vloss=   94.1 ent=1.302 w=25/18/7 (702s)
  [ 395] ep=3950  r= 120.4 steps=220.3 ploss=-0.0182 vloss=   56.3 ent=1.368 w=24/20/6 (704s)
  [ 396] ep=3960  r= 102.3 steps=185.2 ploss=-0.0224 vloss=  144.9 ent=1.556 w=26/20/4 (706s)
  [ 397] ep=3970  r= 103.1 steps=189.7 ploss=-0.0202 vloss=   60.3 ent=1.681 w=26/20/4 (709s)
  [ 398] ep=3980  r=  80.4 steps=155.6 ploss=-0.0203 vloss=   60.7 ent=1.660 w=22/26/2 (713s)
  [ 399] ep=3990  r= 102.3 steps=197.6 ploss=-0.0177 vloss=   37.6 ent=1.727 w=22/24/4 (717s)
  [ 400] ep=4000  r= 115.1 steps=203.6 ploss=-0.0199 vloss=   62.2 ent=1.021 w=20/25/5 (720s)
  Phase 3 done: 2000 eps, 720s, avg_r=112.4, avg_steps=215.7
  Checkpoint: models/normal/

============================================================
  Phase 4 | teams=[1, 2, 3] | 2000 episodes | resuming from ep 4000
============================================================
  [ 401] ep=4010  r= 129.9 steps=231.7 ploss=-0.0184 vloss=   18.1 ent=1.975 w=6/2/2 (4s)
  [ 402] ep=4020  r=  79.1 steps=145.8 ploss=-0.0170 vloss=   70.2 ent=1.534 w=11/7/2 (4s)
  [ 403] ep=4030  r=  62.0 steps=125.7 ploss=-0.0179 vloss=   94.8 ent=1.272 w=16/12/2 (6s)
  [ 404] ep=4040  r=  72.6 steps=134.9 ploss=-0.0123 vloss=   58.9 ent=1.434 w=20/17/3 (8s)
  [ 405] ep=4050  r=  65.8 steps=123.7 ploss=-0.0227 vloss=   62.2 ent=1.564 w=27/20/3 (10s)
  [ 406] ep=4060  r=  58.4 steps=112.0 ploss=-0.0177 vloss=   66.6 ent=1.547 w=25/23/2 (12s)
  [ 407] ep=4070  r=  57.3 steps=110.4 ploss=-0.0190 vloss=   33.6 ent=1.494 w=27/21/2 (12s)
  [ 408] ep=4080  r=  59.4 steps=108.9 ploss=-0.0211 vloss=   63.5 ent=1.403 w=29/19/2 (14s)
  [ 409] ep=4090  r=  61.4 steps=121.5 ploss=-0.0170 vloss=   37.6 ent=2.072 w=30/18/2 (17s)
  [ 410] ep=4100  r=  62.6 steps=125.5 ploss=-0.0174 vloss=   64.6 ent=1.378 w=28/20/2 (19s)
  [ 411] ep=4110  r=  51.0 steps=107.1 ploss=-0.0246 vloss=  106.3 ent=1.524 w=26/23/1 (20s)
  [ 412] ep=4120  r=  54.5 steps=114.7 ploss=-0.0209 vloss=   74.4 ent=1.473 w=23/26/1 (21s)
  [ 413] ep=4130  r=  73.8 steps=150.0 ploss=-0.0142 vloss=   25.5 ent=1.769 w=17/30/3 (25s)
  [ 414] ep=4140  r=  61.7 steps=132.8 ploss=-0.0156 vloss=   73.0 ent=1.693 w=19/29/2 (27s)
  [ 415] ep=4150  r=  55.4 steps=135.4 ploss=-0.0119 vloss=   51.8 ent=1.239 w=19/29/2 (29s)
  [ 416] ep=4160  r=  74.1 steps=156.2 ploss=-0.0171 vloss=   69.1 ent=1.069 w=23/24/3 (32s)
  [ 417] ep=4170  r=  75.1 steps=158.1 ploss=-0.0222 vloss=   80.6 ent=1.376 w=25/22/3 (33s)
  [ 418] ep=4180  r=  58.7 steps=131.3 ploss=-0.0238 vloss=   58.0 ent=1.667 w=30/19/1 (35s)
  [ 419] ep=4190  r=  54.6 steps=137.7 ploss=-0.0083 vloss=   21.7 ent=1.330 w=29/19/2 (38s)
  [ 420] ep=4200  r=  59.4 steps=135.1 ploss=-0.0196 vloss=   75.0 ent=1.327 w=30/18/2 (39s)
  [ 421] ep=4210  r=  43.9 steps=117.4 ploss=-0.0216 vloss=  118.3 ent=1.390 w=28/21/1 (41s)
  [ 422] ep=4220  r=  52.2 steps=126.7 ploss=-0.0162 vloss=   28.0 ent=1.446 w=27/21/2 (42s)
  [ 423] ep=4230  r=  47.1 steps=120.3 ploss=-0.0255 vloss=   56.6 ent=1.531 w=23/25/2 (44s)
  [ 424] ep=4240  r=  43.6 steps= 97.7 ploss=-0.0206 vloss=   83.4 ent=1.595 w=23/26/1 (45s)
  [ 425] ep=4250  r=  50.0 steps=107.1 ploss=-0.0109 vloss=   37.1 ent=1.465 w=23/25/2 (47s)
  [ 426] ep=4260  r=  47.1 steps=109.8 ploss=-0.0150 vloss=   69.9 ent=1.152 w=24/24/2 (48s)
  [ 427] ep=4270  r=  34.0 steps= 92.0 ploss=-0.0171 vloss=  141.6 ent=1.228 w=25/24/1 (49s)
  [ 428] ep=4280  r=  35.3 steps= 92.5 ploss=-0.0209 vloss=   66.3 ent=1.342 w=27/22/1 (51s)
  [ 429] ep=4290  r=  51.4 steps=117.7 ploss=-0.0173 vloss=   65.8 ent=1.196 w=27/21/2 (54s)
  [ 430] ep=4300  r=  42.3 steps=115.2 ploss=-0.0097 vloss=   71.4 ent=1.138 w=28/21/1 (55s)
  [ 431] ep=4310  r=  42.5 steps=106.6 ploss=-0.0213 vloss=  113.8 ent=1.517 w=25/24/1 (56s)
  [ 432] ep=4320  r=  56.3 steps=124.6 ploss=-0.0157 vloss=   44.0 ent=1.370 w=23/25/2 (59s)
  [ 433] ep=4330  r=  59.5 steps=131.1 ploss=-0.0166 vloss=   37.6 ent=1.648 w=23/25/2 (60s)
  [ 434] ep=4340  r=  45.7 steps=120.9 ploss=-0.0123 vloss=   46.9 ent=1.194 w=21/28/1 (62s)
  [ 435] ep=4350  r=  45.8 steps=106.5 ploss=-0.0220 vloss=   65.3 ent=1.362 w=14/35/1 (63s)
  [ 436] ep=4360  r=  68.8 steps=144.2 ploss=-0.0290 vloss=   28.4 ent=1.793 w=17/30/3 (67s)
  [ 437] ep=4370  r=  55.8 steps=132.5 ploss=-0.0198 vloss=  100.9 ent=1.296 w=19/29/2 (69s)
  [ 438] ep=4380  r=  65.1 steps=139.9 ploss=+0.0105 vloss=   47.3 ent=1.563 w=16/31/3 (71s)
  [ 439] ep=4390  r=  77.9 steps=149.1 ploss=-0.0200 vloss=   40.6 ent=1.630 w=18/28/4 (73s)
  [ 440] ep=4400  r=  78.3 steps=148.1 ploss=-0.0233 vloss=   67.3 ent=1.372 w=22/24/4 (74s)
  [ 441] ep=4410  r=  54.5 steps=116.3 ploss=-0.0157 vloss=   73.0 ent=1.250 w=21/27/2 (76s)
  [ 442] ep=4420  r=  55.4 steps=113.8 ploss=-0.0213 vloss=   38.3 ent=1.444 w=20/28/2 (77s)
  [ 443] ep=4430  r=  58.9 steps=117.0 ploss=-0.0134 vloss=   53.5 ent=1.208 w=24/24/2 (79s)
  [ 444] ep=4440  r=  68.1 steps=129.1 ploss=-0.0154 vloss=   47.3 ent=1.637 w=21/27/2 (83s)
  [ 445] ep=4450  r=  67.5 steps=142.0 ploss=-0.0155 vloss=   51.8 ent=1.096 w=20/28/2 (85s)
  [ 446] ep=4460  r=  84.2 steps=159.7 ploss=-0.0127 vloss=   58.9 ent=1.347 w=19/28/3 (88s)
  [ 447] ep=4470  r=  85.2 steps=176.2 ploss=-0.0131 vloss=   23.4 ent=1.153 w=18/28/4 (90s)
  [ 448] ep=4480  r=  82.0 steps=180.1 ploss=-0.0115 vloss=   35.1 ent=1.088 w=20/26/4 (93s)
  [ 449] ep=4490  r=  66.2 steps=172.9 ploss=-0.0168 vloss=   23.7 ent=1.688 w=22/24/4 (96s)
  [ 450] ep=4500  r= 102.9 steps=216.3 ploss=-0.0128 vloss=   22.7 ent=1.950 w=22/21/7 (101s)
  [ 451] ep=4510  r=  85.7 steps=193.5 ploss=-0.0167 vloss=   87.3 ent=1.153 w=24/20/6 (102s)
  [ 452] ep=4520  r=  88.9 steps=178.4 ploss=-0.0177 vloss=   81.0 ent=1.327 w=26/19/5 (104s)
  [ 453] ep=4530  r=  86.1 steps=189.9 ploss=-0.0131 vloss=   19.6 ent=1.473 w=24/20/6 (107s)
  [ 454] ep=4540  r=  79.3 steps=165.8 ploss=-0.0159 vloss=   42.3 ent=1.236 w=25/20/5 (108s)
  [ 455] ep=4550  r=  56.1 steps=133.7 ploss=-0.0162 vloss=   31.3 ent=1.515 w=27/20/3 (111s)
  [ 456] ep=4560  r=  57.6 steps=133.9 ploss=-0.0200 vloss=   48.5 ent=1.221 w=29/18/3 (112s)
  [ 457] ep=4570  r=  59.0 steps=159.5 ploss=-0.0146 vloss=   55.2 ent=1.376 w=26/21/3 (115s)
  [ 458] ep=4580  r=  63.0 steps=165.6 ploss=-0.0096 vloss=   38.4 ent=1.161 w=25/23/2 (119s)
  [ 459] ep=4590  r=  63.8 steps=163.2 ploss=-0.0184 vloss=  107.3 ent=1.204 w=21/27/2 (120s)
  [ 460] ep=4600  r=  65.4 steps=185.5 ploss=-0.0127 vloss=   32.3 ent=1.445 w=19/28/3 (124s)
  [ 461] ep=4610  r=  75.3 steps=207.7 ploss=-0.0141 vloss=   41.4 ent=1.300 w=14/32/4 (127s)
  [ 462] ep=4620  r= 107.2 steps=238.8 ploss=-0.0158 vloss=   32.5 ent=1.719 w=18/25/7 (133s)
  [ 463] ep=4630  r= 106.6 steps=228.6 ploss=-0.0125 vloss=   49.9 ent=1.183 w=18/26/6 (136s)
  [ 464] ep=4640  r= 129.9 steps=263.5 ploss=-0.0123 vloss=   56.8 ent=0.743 w=19/23/8 (139s)
  [ 465] ep=4650  r= 115.5 steps=239.9 ploss=-0.0142 vloss=   22.3 ent=1.049 w=20/23/7 (141s)
  [ 466] ep=4660  r= 109.9 steps=251.1 ploss=-0.0140 vloss=   40.5 ent=1.324 w=23/20/7 (145s)
  [ 467] ep=4670  r=  84.2 steps=228.0 ploss=-0.0107 vloss=   21.3 ent=1.506 w=20/24/6 (149s)
  [ 468] ep=4680  r=  78.6 steps=211.2 ploss=-0.0142 vloss=   66.1 ent=1.666 w=21/23/6 (151s)
  [ 469] ep=4690  r=  53.7 steps=198.3 ploss=-0.0127 vloss=   32.8 ent=0.880 w=21/24/5 (154s)
  [ 470] ep=4700  r=  66.1 steps=216.0 ploss=-0.0133 vloss=   28.9 ent=1.369 w=20/24/6 (157s)
  [ 471] ep=4710  r=  60.4 steps=200.9 ploss=-0.0143 vloss=   41.6 ent=1.191 w=19/25/6 (160s)
  [ 472] ep=4720  r=  47.7 steps=164.0 ploss=-0.0225 vloss=   44.6 ent=1.640 w=17/29/4 (161s)
  [ 473] ep=4730  r=  39.1 steps=152.6 ploss=-0.0177 vloss=   49.4 ent=1.302 w=17/29/4 (162s)
  [ 474] ep=4740  r=  47.7 steps=139.9 ploss=-0.0403 vloss=  112.0 ent=1.407 w=20/27/3 (164s)
  [ 475] ep=4750  r=  36.2 steps=105.0 ploss=-0.0192 vloss=   65.2 ent=1.461 w=21/28/1 (165s)
  [ 476] ep=4760  r=  47.7 steps=107.4 ploss=-0.0129 vloss=   64.9 ent=1.574 w=20/29/1 (168s)
  [ 477] ep=4770  r=  49.7 steps=120.0 ploss=-0.0221 vloss=   83.0 ent=1.164 w=26/23/1 (169s)
  [ 478] ep=4780  r=  47.8 steps=132.7 ploss=-0.0112 vloss=   37.3 ent=1.027 w=22/27/1 (171s)
  [ 479] ep=4790  r=  41.8 steps=132.0 ploss=-0.0149 vloss=   70.3 ent=1.080 w=19/30/1 (173s)
  [ 480] ep=4800  r=  66.2 steps=165.9 ploss=-0.0183 vloss=   43.6 ent=1.773 w=20/28/2 (177s)
  [ 481] ep=4810  r=  53.0 steps=151.8 ploss=-0.0165 vloss=   54.7 ent=1.117 w=21/28/1 (179s)
  [ 482] ep=4820  r=  62.2 steps=157.0 ploss=-0.0117 vloss=   56.9 ent=1.312 w=16/32/2 (181s)
  [ 483] ep=4830  r=  75.3 steps=171.0 ploss=-0.0163 vloss=   31.2 ent=1.399 w=17/30/3 (186s)
  [ 484] ep=4840  r=  73.4 steps=179.3 ploss=-0.0103 vloss=   30.3 ent=1.210 w=18/28/4 (189s)
  [ 485] ep=4850  r=  51.7 steps=168.6 ploss=-0.0135 vloss=   31.9 ent=1.400 w=17/29/4 (192s)
  [ 486] ep=4860  r=  75.5 steps=212.4 ploss=-0.0076 vloss=   35.2 ent=1.268 w=18/26/6 (197s)
  [ 487] ep=4870  r=  65.5 steps=199.0 ploss=-0.0175 vloss=   67.9 ent=1.077 w=19/26/5 (199s)
  [ 488] ep=4880  r=  68.4 steps=195.4 ploss=-0.0191 vloss=   56.8 ent=1.620 w=21/25/4 (202s)
  [ 489] ep=4890  r=  69.9 steps=199.1 ploss=-0.0129 vloss=   48.9 ent=1.020 w=22/25/3 (204s)
  [ 490] ep=4900  r=  94.7 steps=208.2 ploss=-0.0107 vloss=   30.3 ent=1.438 w=23/23/4 (208s)
  [ 491] ep=4910  r=  71.6 steps=170.7 ploss=-0.0163 vloss=   53.4 ent=1.062 w=24/24/2 (211s)
  [ 492] ep=4920  r=  79.9 steps=194.7 ploss=-0.0182 vloss=   46.2 ent=1.996 w=26/21/3 (214s)
  [ 493] ep=4930  r=  81.1 steps=196.7 ploss=-0.0153 vloss=   46.4 ent=1.431 w=28/18/4 (218s)
  [ 494] ep=4940  r=  78.8 steps=180.2 ploss=-0.0138 vloss=   49.1 ent=1.043 w=27/19/4 (220s)
  [ 495] ep=4950  r=  48.9 steps=141.4 ploss=-0.0181 vloss=   67.2 ent=1.386 w=24/24/2 (221s)
  [ 496] ep=4960  r=  47.7 steps=143.3 ploss=-0.0158 vloss=   23.8 ent=1.123 w=22/25/3 (223s)
  [ 497] ep=4970  r=  51.2 steps=131.3 ploss=-0.0088 vloss=   37.2 ent=1.098 w=23/24/3 (225s)
  [ 498] ep=4980  r=  35.9 steps=109.6 ploss=-0.0154 vloss=   62.0 ent=1.186 w=20/28/2 (227s)
  [ 499] ep=4990  r=  52.1 steps=123.7 ploss=-0.0127 vloss=   57.1 ent=1.467 w=21/26/3 (230s)
  [ 500] ep=5000  r=  78.0 steps=171.4 ploss=-0.0109 vloss=   29.6 ent=1.331 w=23/22/5 (234s)
  [ 501] ep=5010  r=  79.9 steps=154.6 ploss=-0.0142 vloss=   98.5 ent=1.511 w=24/22/4 (235s)
  [ 502] ep=5020  r=  68.1 steps=142.1 ploss=-0.0179 vloss=   72.5 ent=1.147 w=18/29/3 (236s)
  [ 503] ep=5030  r=  70.9 steps=160.3 ploss=-0.0049 vloss=   44.6 ent=1.024 w=19/27/4 (240s)
  [ 504] ep=5040  r=  70.4 steps=176.9 ploss=-0.0152 vloss=   26.3 ent=1.097 w=18/27/5 (244s)
  [ 505] ep=5050  r=  48.4 steps=147.8 ploss=-0.0150 vloss=   48.4 ent=1.161 w=15/32/3 (246s)
  [ 506] ep=5060  r=  70.0 steps=186.3 ploss=-0.0161 vloss=   28.7 ent=1.911 w=15/31/4 (251s)
  [ 507] ep=5070  r=  79.8 steps=237.5 ploss=-0.0200 vloss=   18.4 ent=1.346 w=20/25/5 (257s)
  [ 508] ep=5080  r=  75.9 steps=214.4 ploss=-0.0162 vloss=   65.8 ent=1.188 w=21/25/4 (258s)
  [ 509] ep=5090  r=  60.4 steps=176.1 ploss=-0.0191 vloss=  130.2 ent=1.272 w=23/25/2 (259s)
  [ 510] ep=5100  r=  91.7 steps=216.5 ploss=-0.0130 vloss=   27.3 ent=1.890 w=23/22/5 (264s)
  [ 511] ep=5110  r=  68.8 steps=190.6 ploss=-0.0131 vloss=   30.7 ent=0.834 w=26/20/4 (267s)
  [ 512] ep=5120  r=  58.1 steps=136.8 ploss=+0.0142 vloss=   58.9 ent=1.253 w=27/20/3 (268s)
  [ 513] ep=5130  r=  73.5 steps=176.6 ploss=-0.0164 vloss=   32.0 ent=1.369 w=27/18/5 (272s)
  [ 514] ep=5140  r=  72.7 steps=181.4 ploss=-0.0151 vloss=   68.0 ent=1.248 w=25/20/5 (274s)
  [ 515] ep=5150  r=  40.7 steps=148.8 ploss=-0.0143 vloss=   24.9 ent=1.137 w=28/19/3 (276s)
  [ 516] ep=5160  r=  40.7 steps=135.7 ploss=-0.0219 vloss=   65.5 ent=1.375 w=24/23/3 (278s)
  [ 517] ep=5170  r=  50.5 steps=159.8 ploss=-0.0164 vloss=   34.0 ent=1.581 w=21/25/4 (281s)
  [ 518] ep=5180  r=  38.7 steps=119.9 ploss=-0.0188 vloss=   45.9 ent=1.031 w=22/26/2 (282s)
  [ 519] ep=5190  r=  41.0 steps=145.4 ploss=-0.0091 vloss=   31.0 ent=0.966 w=23/24/3 (286s)
  [ 520] ep=5200  r=  50.6 steps=143.9 ploss=-0.0174 vloss=   33.4 ent=1.729 w=22/25/3 (289s)
  [ 521] ep=5210  r=  64.3 steps=184.4 ploss=-0.0150 vloss=   29.9 ent=1.383 w=21/24/5 (293s)
  [ 522] ep=5220  r=  67.7 steps=238.1 ploss=-0.0073 vloss=   19.9 ent=1.127 w=22/21/7 (300s)
  [ 523] ep=5230  r=  63.7 steps=238.6 ploss=-0.0231 vloss=   89.9 ent=1.292 w=23/20/7 (301s)
  [ 524] ep=5240  r=  64.4 steps=232.5 ploss=-0.0092 vloss=   17.0 ent=0.978 w=22/21/7 (304s)
  [ 525] ep=5250  r=  53.9 steps=237.6 ploss=-0.0106 vloss=   27.5 ent=0.727 w=26/17/7 (307s)
  [ 526] ep=5260  r=  39.7 steps=194.0 ploss=-0.0206 vloss=   91.2 ent=1.368 w=27/18/5 (308s)
  [ 527] ep=5270  r=  26.0 steps=112.9 ploss=-0.0233 vloss=  103.3 ent=1.304 w=26/22/2 (309s)
  [ 528] ep=5280  r=  28.9 steps=114.5 ploss=-0.0191 vloss=   75.6 ent=1.230 w=22/26/2 (311s)
  [ 529] ep=5290  r=  27.4 steps= 92.6 ploss=-0.0171 vloss=   59.7 ent=1.216 w=23/26/1 (312s)
  [ 530] ep=5300  r=  25.8 steps= 63.6 ploss=-0.0174 vloss=   63.1 ent=1.224 w=21/29/0 (313s)
  [ 531] ep=5310  r=  48.8 steps=108.2 ploss=-0.0131 vloss=   23.1 ent=1.704 w=19/29/2 (318s)
  [ 532] ep=5320  r=  51.8 steps=120.2 ploss=-0.0195 vloss=   74.5 ent=1.199 w=20/28/2 (321s)
  [ 533] ep=5330  r=  79.6 steps=189.7 ploss=-0.0143 vloss=   26.7 ent=1.717 w=22/24/4 (328s)
  [ 534] ep=5340  r=  81.3 steps=191.6 ploss=-0.0212 vloss=   56.1 ent=1.337 w=23/23/4 (329s)
  [ 535] ep=5350  r=  92.3 steps=213.2 ploss=-0.0206 vloss=   24.5 ent=1.879 w=23/22/5 (333s)
  [ 536] ep=5360  r= 122.7 steps=249.6 ploss=-0.0093 vloss=   31.0 ent=1.821 w=25/18/7 (341s)
  [ 537] ep=5370  r= 137.1 steps=284.7 ploss=-0.0164 vloss=   30.3 ent=1.085 w=25/16/9 (345s)
  [ 538] ep=5380  r= 134.1 steps=247.7 ploss=-0.0171 vloss=   38.0 ent=1.713 w=26/15/9 (349s)
  [ 539] ep=5390  r= 142.7 steps=290.6 ploss=-0.0162 vloss=   23.9 ent=1.242 w=27/12/11 (353s)
  [ 540] ep=5400  r= 146.7 steps=290.5 ploss=-0.0162 vloss=   56.9 ent=1.550 w=27/12/11 (356s)
  [ 541] ep=5410  r= 109.5 steps=240.3 ploss=-0.0179 vloss=   34.8 ent=1.318 w=27/15/8 (358s)
  [ 542] ep=5420  r=  95.2 steps=199.3 ploss=-0.0242 vloss=   92.1 ent=1.507 w=28/16/6 (360s)
  [ 543] ep=5430  r=  82.0 steps=192.1 ploss=-0.0130 vloss=   33.9 ent=1.226 w=28/17/5 (363s)
  [ 544] ep=5440  r=  86.9 steps=182.8 ploss=-0.0136 vloss=   23.9 ent=1.272 w=26/19/5 (367s)
  [ 545] ep=5450  r=  85.6 steps=209.5 ploss=-0.0123 vloss=   26.2 ent=1.251 w=24/20/6 (371s)
  [ 546] ep=5460  r=  73.7 steps=190.2 ploss=-0.0235 vloss=   59.6 ent=1.498 w=23/22/5 (373s)
  [ 547] ep=5470  r=  83.3 steps=208.0 ploss=-0.0186 vloss=   45.1 ent=1.844 w=23/21/6 (376s)
  [ 548] ep=5480  r=  94.2 steps=212.8 ploss=-0.0111 vloss=   38.2 ent=1.767 w=23/20/7 (379s)
  [ 549] ep=5490  r=  87.9 steps=193.2 ploss=-0.0189 vloss=   39.2 ent=1.877 w=24/20/6 (382s)
  [ 550] ep=5500  r=  75.9 steps=165.1 ploss=-0.0091 vloss=   58.3 ent=1.161 w=28/18/4 (384s)
  [ 551] ep=5510  r=  89.2 steps=179.3 ploss=-0.0201 vloss=   32.3 ent=1.329 w=30/15/5 (387s)
  [ 552] ep=5520  r=  90.1 steps=178.6 ploss=-0.0181 vloss=   43.0 ent=1.573 w=28/17/5 (389s)
  [ 553] ep=5530  r=  64.9 steps=139.7 ploss=-0.0239 vloss=  126.8 ent=1.628 w=27/20/3 (390s)
  [ 554] ep=5540  r=  67.7 steps=142.3 ploss=-0.0175 vloss=   37.2 ent=1.888 w=26/21/3 (392s)
  [ 555] ep=5550  r=  77.0 steps=143.5 ploss=-0.0201 vloss=   50.9 ent=2.043 w=23/23/4 (395s)
  [ 556] ep=5560  r=  76.5 steps=153.2 ploss=-0.0123 vloss=   34.2 ent=1.431 w=22/24/4 (398s)
  [ 557] ep=5570  r=  62.4 steps=130.1 ploss=-0.0208 vloss=   44.6 ent=1.573 w=24/23/3 (399s)
  [ 558] ep=5580  r=  67.1 steps=138.7 ploss=-0.0248 vloss=   77.8 ent=1.615 w=22/25/3 (400s)
  [ 559] ep=5590  r=  54.9 steps=124.8 ploss=-0.0161 vloss=   97.1 ent=1.207 w=23/25/2 (402s)
  [ 560] ep=5600  r=  46.2 steps=109.1 ploss=-0.0226 vloss=   77.9 ent=1.405 w=26/23/1 (403s)
  [ 561] ep=5610  r=  41.8 steps= 97.3 ploss=-0.0197 vloss=   47.6 ent=1.789 w=25/24/1 (405s)
  [ 562] ep=5620  r=  57.3 steps=157.6 ploss=-0.0137 vloss=   28.4 ent=1.096 w=22/24/4 (411s)
  [ 563] ep=5630  r=  53.4 steps=152.2 ploss=-0.0214 vloss=   62.4 ent=1.541 w=23/23/4 (412s)
  [ 564] ep=5640  r=  66.1 steps=171.9 ploss=-0.0198 vloss=   36.4 ent=1.649 w=22/23/5 (414s)
  [ 565] ep=5650  r=  83.5 steps=197.4 ploss=-0.0183 vloss=   51.9 ent=1.640 w=17/27/6 (418s)
  [ 566] ep=5660  r=  90.6 steps=212.4 ploss=-0.0130 vloss=   21.0 ent=1.877 w=20/23/7 (422s)
  [ 567] ep=5670  r=  85.5 steps=167.2 ploss=-0.0237 vloss=   74.1 ent=1.861 w=22/24/4 (423s)
  [ 568] ep=5680  r= 109.0 steps=204.6 ploss=-0.0131 vloss=   30.7 ent=1.385 w=24/20/6 (427s)
  [ 569] ep=5690  r= 108.6 steps=200.2 ploss=-0.0188 vloss=   44.1 ent=1.589 w=23/21/6 (430s)
  [ 570] ep=5700  r=  93.2 steps=175.7 ploss=-0.0249 vloss=  105.6 ent=1.531 w=26/19/5 (431s)
  [ 571] ep=5710  r=  83.1 steps=156.1 ploss=-0.0128 vloss=   37.3 ent=1.799 w=26/20/4 (433s)
  [ 572] ep=5720  r=  76.3 steps=147.2 ploss=-0.0200 vloss=   32.0 ent=1.420 w=24/22/4 (435s)
  [ 573] ep=5730  r=  60.2 steps=126.2 ploss=-0.0245 vloss=   59.9 ent=2.242 w=22/25/3 (437s)
  [ 574] ep=5740  r=  48.3 steps=105.0 ploss=-0.0221 vloss=  149.4 ent=1.425 w=24/24/2 (438s)
  [ 575] ep=5750  r=  66.3 steps=137.5 ploss=-0.0122 vloss=   29.2 ent=1.827 w=25/21/4 (442s)
  [ 576] ep=5760  r=  56.1 steps=118.1 ploss=-0.0220 vloss=   63.6 ent=1.616 w=23/24/3 (443s)
  [ 577] ep=5770  r=  66.1 steps=137.0 ploss=-0.0145 vloss=   48.7 ent=1.007 w=23/23/4 (445s)
  [ 578] ep=5780  r=  59.7 steps=126.6 ploss=-0.0185 vloss=   61.3 ent=1.315 w=25/22/3 (447s)
  [ 579] ep=5790  r=  78.1 steps=148.6 ploss=-0.0100 vloss=   42.6 ent=1.004 w=25/21/4 (449s)
  [ 580] ep=5800  r=  97.0 steps=170.6 ploss=-0.0093 vloss=   24.8 ent=1.679 w=23/22/5 (454s)
  [ 581] ep=5810  r=  97.3 steps=169.6 ploss=-0.0153 vloss=  208.3 ent=1.131 w=24/21/5 (455s)
  [ 582] ep=5820  r=  85.6 steps=170.3 ploss=-0.0102 vloss=   32.0 ent=1.075 w=27/19/4 (457s)
  [ 583] ep=5830  r=  85.6 steps=202.1 ploss=-0.0092 vloss=   19.8 ent=0.900 w=26/18/6 (461s)
  [ 584] ep=5840  r=  68.6 steps=183.3 ploss=-0.0135 vloss=   66.4 ent=1.159 w=25/20/5 (462s)
  [ 585] ep=5850  r=  38.7 steps=144.3 ploss=-0.0231 vloss=   41.7 ent=1.862 w=26/21/3 (465s)
  [ 586] ep=5860  r=  59.2 steps=178.5 ploss=-0.0147 vloss=   54.9 ent=1.436 w=25/21/4 (468s)
  [ 587] ep=5870  r=  61.2 steps=158.6 ploss=-0.0212 vloss=   77.7 ent=1.271 w=22/24/4 (469s)
  [ 588] ep=5880  r=  80.6 steps=160.3 ploss=-0.0163 vloss=   37.3 ent=1.956 w=21/26/3 (473s)
  [ 589] ep=5890  r=  80.6 steps=159.5 ploss=-0.0169 vloss=   70.3 ent=1.461 w=21/26/3 (475s)
  [ 590] ep=5900  r=  86.2 steps=161.4 ploss=-0.0488 vloss=   50.8 ent=1.315 w=19/28/3 (478s)
  [ 591] ep=5910  r=  80.6 steps=157.0 ploss=-0.0185 vloss=   45.8 ent=1.844 w=22/25/3 (481s)
  [ 592] ep=5920  r=  77.6 steps=151.3 ploss=-0.0172 vloss=   81.4 ent=1.209 w=24/23/3 (481s)
  [ 593] ep=5930  r=  82.3 steps=150.1 ploss=-0.0154 vloss=   40.1 ent=1.741 w=22/24/4 (485s)
  [ 594] ep=5940  r=  95.6 steps=165.8 ploss=-0.0132 vloss=   90.8 ent=1.192 w=25/20/5 (487s)
  [ 595] ep=5950  r=  91.2 steps=162.8 ploss=-0.0160 vloss=   40.5 ent=1.715 w=28/17/5 (489s)
  [ 596] ep=5960  r=  80.8 steps=143.7 ploss=-0.0222 vloss=   69.5 ent=1.979 w=28/18/4 (491s)
  [ 597] ep=5970  r=  87.4 steps=159.6 ploss=-0.0209 vloss=   50.1 ent=1.593 w=30/16/4 (493s)
  [ 598] ep=5980  r=  64.2 steps=124.7 ploss=-0.0218 vloss=   75.6 ent=1.318 w=34/14/2 (495s)
  [ 599] ep=5990  r=  51.6 steps=107.1 ploss=-0.0199 vloss=   60.9 ent=1.181 w=31/18/1 (496s)
  [ 600] ep=6000  r=  41.9 steps=102.6 ploss=-0.0147 vloss=   61.1 ent=1.074 w=30/20/0 (497s)
  Phase 4 done: 2000 eps, 498s, avg_r=68.5, avg_steps=160.8
  Checkpoint: models/hard/

Training complete: 6000 episodes, 600 updates, 2506s
Log: logs/training.jsonl
